{"/Users/abhinavmishra/Desktop/Smart-Pothole-Detection-and-Reporting-System/apps/backend/src/app.js": {"path":"/Users/abhinavmishra/Desktop/Smart-Pothole-Detection-and-Reporting-System/apps/backend/src/app.js","statementMap":{"0":{"start":{"line":11,"column":12},"end":{"line":11,"column":21}},"1":{"start":{"line":14,"column":0},"end":{"line":14,"column":33}},"2":{"start":{"line":17,"column":0},"end":{"line":17,"column":18}},"3":{"start":{"line":20,"column":0},"end":{"line":25,"column":2}},"4":{"start":{"line":28,"column":0},"end":{"line":28,"column":24}},"5":{"start":{"line":29,"column":0},"end":{"line":29,"column":48}},"6":{"start":{"line":32,"column":0},"end":{"line":32,"column":36}},"7":{"start":{"line":35,"column":0},"end":{"line":35,"column":24}},"8":{"start":{"line":38,"column":0},"end":{"line":38,"column":25}},"9":{"start":{"line":41,"column":0},"end":{"line":41,"column":28}}},"fnMap":{},"branchMap":{},"s":{"0":6,"1":6,"2":6,"3":6,"4":6,"5":6,"6":6,"7":6,"8":6,"9":6},"f":{},"b":{},"inputSourceMap":null,"_coverageSchema":"1a1c01bbd47fc00a2c39e90264f33305004495a9","hash":"797683ec03c20c498b95f30cbad77cbf7d1491c5"}
,"/Users/abhinavmishra/Desktop/Smart-Pothole-Detection-and-Reporting-System/apps/backend/src/middleware/asyncHandler.js": {"path":"/Users/abhinavmishra/Desktop/Smart-Pothole-Detection-and-Reporting-System/apps/backend/src/middleware/asyncHandler.js","statementMap":{"0":{"start":{"line":1,"column":21},"end":{"line":5,"column":1}},"1":{"start":{"line":2,"column":2},"end":{"line":4,"column":4}},"2":{"start":{"line":3,"column":4},"end":{"line":3,"column":52}}},"fnMap":{"0":{"name":"(anonymous_0)","decl":{"start":{"line":1,"column":21},"end":{"line":1,"column":22}},"loc":{"start":{"line":1,"column":29},"end":{"line":5,"column":1}},"line":1},"1":{"name":"(anonymous_1)","decl":{"start":{"line":2,"column":9},"end":{"line":2,"column":10}},"loc":{"start":{"line":2,"column":29},"end":{"line":4,"column":3}},"line":2}},"branchMap":{},"s":{"0":6,"1":78,"2":29},"f":{"0":78,"1":29},"b":{},"inputSourceMap":null,"_coverageSchema":"1a1c01bbd47fc00a2c39e90264f33305004495a9","hash":"d0c5f50d2c8e30e0f46afa5045614928c43381a3"}
,"/Users/abhinavmishra/Desktop/Smart-Pothole-Detection-and-Reporting-System/apps/backend/src/middleware/auth.middleware.js": {"path":"/Users/abhinavmishra/Desktop/Smart-Pothole-Detection-and-Reporting-System/apps/backend/src/middleware/auth.middleware.js","statementMap":{"0":{"start":{"line":9,"column":28},"end":{"line":42,"column":2}},"1":{"start":{"line":10,"column":21},"end":{"line":10,"column":46}},"2":{"start":{"line":12,"column":2},"end":{"line":14,"column":3}},"3":{"start":{"line":13,"column":4},"end":{"line":13,"column":76}},"4":{"start":{"line":16,"column":16},"end":{"line":16,"column":40}},"5":{"start":{"line":18,"column":2},"end":{"line":41,"column":3}},"6":{"start":{"line":19,"column":20},"end":{"line":19,"column":44}},"7":{"start":{"line":22,"column":17},"end":{"line":25,"column":6}},"8":{"start":{"line":27,"column":4},"end":{"line":29,"column":5}},"9":{"start":{"line":28,"column":6},"end":{"line":28,"column":79}},"10":{"start":{"line":31,"column":4},"end":{"line":31,"column":20}},"11":{"start":{"line":32,"column":4},"end":{"line":32,"column":11}},"12":{"start":{"line":34,"column":4},"end":{"line":36,"column":5}},"13":{"start":{"line":35,"column":6},"end":{"line":35,"column":66}},"14":{"start":{"line":37,"column":4},"end":{"line":39,"column":5}},"15":{"start":{"line":38,"column":6},"end":{"line":38,"column":62}},"16":{"start":{"line":40,"column":4},"end":{"line":40,"column":14}}},"fnMap":{"0":{"name":"(anonymous_0)","decl":{"start":{"line":9,"column":41},"end":{"line":9,"column":42}},"loc":{"start":{"line":9,"column":67},"end":{"line":42,"column":1}},"line":9}},"branchMap":{"0":{"loc":{"start":{"line":12,"column":2},"end":{"line":14,"column":3}},"type":"if","locations":[{"start":{"line":12,"column":2},"end":{"line":14,"column":3}},{"start":{},"end":{}}],"line":12},"1":{"loc":{"start":{"line":12,"column":6},"end":{"line":12,"column":54}},"type":"binary-expr","locations":[{"start":{"line":12,"column":6},"end":{"line":12,"column":17}},{"start":{"line":12,"column":21},"end":{"line":12,"column":54}}],"line":12},"2":{"loc":{"start":{"line":27,"column":4},"end":{"line":29,"column":5}},"type":"if","locations":[{"start":{"line":27,"column":4},"end":{"line":29,"column":5}},{"start":{},"end":{}}],"line":27},"3":{"loc":{"start":{"line":34,"column":4},"end":{"line":36,"column":5}},"type":"if","locations":[{"start":{"line":34,"column":4},"end":{"line":36,"column":5}},{"start":{},"end":{}}],"line":34},"4":{"loc":{"start":{"line":37,"column":4},"end":{"line":39,"column":5}},"type":"if","locations":[{"start":{"line":37,"column":4},"end":{"line":39,"column":5}},{"start":{},"end":{}}],"line":37}},"s":{"0":6,"1":8,"2":8,"3":1,"4":7,"5":7,"6":7,"7":6,"8":6,"9":0,"10":6,"11":6,"12":1,"13":0,"14":1,"15":1,"16":0},"f":{"0":8},"b":{"0":[1,7],"1":[8,7],"2":[0,6],"3":[0,1],"4":[1,0]},"inputSourceMap":null,"_coverageSchema":"1a1c01bbd47fc00a2c39e90264f33305004495a9","hash":"63fc1a0deeb7e074e45d2b1fb137546b22e4dda5"}
,"/Users/abhinavmishra/Desktop/Smart-Pothole-Detection-and-Reporting-System/apps/backend/src/middleware/error.middleware.js": {"path":"/Users/abhinavmishra/Desktop/Smart-Pothole-Detection-and-Reporting-System/apps/backend/src/middleware/error.middleware.js","statementMap":{"0":{"start":{"line":4,"column":27},"end":{"line":20,"column":1}},"1":{"start":{"line":5,"column":21},"end":{"line":5,"column":42}},"2":{"start":{"line":6,"column":17},"end":{"line":6,"column":38}},"3":{"start":{"line":8,"column":2},"end":{"line":12,"column":3}},"4":{"start":{"line":9,"column":4},"end":{"line":9,"column":85}},"5":{"start":{"line":11,"column":4},"end":{"line":11,"column":125}},"6":{"start":{"line":14,"column":2},"end":{"line":19,"column":5}}},"fnMap":{"0":{"name":"(anonymous_0)","decl":{"start":{"line":4,"column":27},"end":{"line":4,"column":28}},"loc":{"start":{"line":4,"column":52},"end":{"line":20,"column":1}},"line":4}},"branchMap":{"0":{"loc":{"start":{"line":5,"column":21},"end":{"line":5,"column":42}},"type":"binary-expr","locations":[{"start":{"line":5,"column":21},"end":{"line":5,"column":35}},{"start":{"line":5,"column":39},"end":{"line":5,"column":42}}],"line":5},"1":{"loc":{"start":{"line":6,"column":17},"end":{"line":6,"column":38}},"type":"binary-expr","locations":[{"start":{"line":6,"column":17},"end":{"line":6,"column":27}},{"start":{"line":6,"column":31},"end":{"line":6,"column":38}}],"line":6},"2":{"loc":{"start":{"line":8,"column":2},"end":{"line":12,"column":3}},"type":"if","locations":[{"start":{"line":8,"column":2},"end":{"line":12,"column":3}},{"start":{"line":10,"column":9},"end":{"line":12,"column":3}}],"line":8},"3":{"loc":{"start":{"line":17,"column":13},"end":{"line":17,"column":51}},"type":"binary-expr","locations":[{"start":{"line":17,"column":13},"end":{"line":17,"column":24}},{"start":{"line":17,"column":28},"end":{"line":17,"column":51}}],"line":17},"4":{"loc":{"start":{"line":18,"column":8},"end":{"line":18,"column":62}},"type":"binary-expr","locations":[{"start":{"line":18,"column":8},"end":{"line":18,"column":38}},{"start":{"line":18,"column":42},"end":{"line":18,"column":62}}],"line":18}},"s":{"0":6,"1":10,"2":10,"3":10,"4":0,"5":10,"6":10},"f":{"0":10},"b":{"0":[10,0],"1":[10,0],"2":[0,10],"3":[10,0],"4":[10,0]},"inputSourceMap":null,"_coverageSchema":"1a1c01bbd47fc00a2c39e90264f33305004495a9","hash":"297873cfad641febf4e6c6c8a8d82749fedf5e19"}
,"/Users/abhinavmishra/Desktop/Smart-Pothole-Detection-and-Reporting-System/apps/backend/src/middleware/notFound.middleware.js": {"path":"/Users/abhinavmishra/Desktop/Smart-Pothole-Detection-and-Reporting-System/apps/backend/src/middleware/notFound.middleware.js","statementMap":{"0":{"start":{"line":3,"column":24},"end":{"line":5,"column":1}},"1":{"start":{"line":4,"column":2},"end":{"line":4,"column":76}}},"fnMap":{"0":{"name":"(anonymous_0)","decl":{"start":{"line":3,"column":24},"end":{"line":3,"column":25}},"loc":{"start":{"line":3,"column":44},"end":{"line":5,"column":1}},"line":3}},"branchMap":{},"s":{"0":6,"1":0},"f":{"0":0},"b":{},"inputSourceMap":null,"_coverageSchema":"1a1c01bbd47fc00a2c39e90264f33305004495a9","hash":"417674ca0daed11e549d989427dfb59519d08fa6"}
,"/Users/abhinavmishra/Desktop/Smart-Pothole-Detection-and-Reporting-System/apps/backend/src/middleware/rateLimit.middleware.js": {"path":"/Users/abhinavmishra/Desktop/Smart-Pothole-Detection-and-Reporting-System/apps/backend/src/middleware/rateLimit.middleware.js","statementMap":{"0":{"start":{"line":8,"column":34},"end":{"line":17,"column":2}},"1":{"start":{"line":13,"column":14},"end":{"line":13,"column":45}},"2":{"start":{"line":15,"column":4},"end":{"line":15,"column":87}},"3":{"start":{"line":22,"column":31},"end":{"line":31,"column":2}},"4":{"start":{"line":27,"column":14},"end":{"line":27,"column":45}},"5":{"start":{"line":29,"column":4},"end":{"line":29,"column":89}},"6":{"start":{"line":36,"column":33},"end":{"line":45,"column":2}},"7":{"start":{"line":41,"column":14},"end":{"line":41,"column":45}},"8":{"start":{"line":43,"column":4},"end":{"line":43,"column":83}}},"fnMap":{"0":{"name":"(anonymous_0)","decl":{"start":{"line":13,"column":8},"end":{"line":13,"column":9}},"loc":{"start":{"line":13,"column":14},"end":{"line":13,"column":45}},"line":13},"1":{"name":"(anonymous_1)","decl":{"start":{"line":14,"column":11},"end":{"line":14,"column":12}},"loc":{"start":{"line":14,"column":31},"end":{"line":16,"column":3}},"line":14},"2":{"name":"(anonymous_2)","decl":{"start":{"line":27,"column":8},"end":{"line":27,"column":9}},"loc":{"start":{"line":27,"column":14},"end":{"line":27,"column":45}},"line":27},"3":{"name":"(anonymous_3)","decl":{"start":{"line":28,"column":11},"end":{"line":28,"column":12}},"loc":{"start":{"line":28,"column":31},"end":{"line":30,"column":3}},"line":28},"4":{"name":"(anonymous_4)","decl":{"start":{"line":41,"column":8},"end":{"line":41,"column":9}},"loc":{"start":{"line":41,"column":14},"end":{"line":41,"column":45}},"line":41},"5":{"name":"(anonymous_5)","decl":{"start":{"line":42,"column":11},"end":{"line":42,"column":12}},"loc":{"start":{"line":42,"column":31},"end":{"line":44,"column":3}},"line":42}},"branchMap":{},"s":{"0":6,"1":29,"2":0,"3":6,"4":11,"5":0,"6":6,"7":2,"8":0},"f":{"0":29,"1":0,"2":11,"3":0,"4":2,"5":0},"b":{},"inputSourceMap":null,"_coverageSchema":"1a1c01bbd47fc00a2c39e90264f33305004495a9","hash":"9ddee15a3803141102c0931e9c81795a92a222c6"}
,"/Users/abhinavmishra/Desktop/Smart-Pothole-Detection-and-Reporting-System/apps/backend/src/middleware/requestLogger.middleware.js": {"path":"/Users/abhinavmishra/Desktop/Smart-Pothole-Detection-and-Reporting-System/apps/backend/src/middleware/requestLogger.middleware.js","statementMap":{"0":{"start":{"line":7,"column":39},"end":{"line":43,"column":1}},"1":{"start":{"line":9,"column":20},"end":{"line":9,"column":79}},"2":{"start":{"line":10,"column":2},"end":{"line":10,"column":21}},"3":{"start":{"line":11,"column":2},"end":{"line":11,"column":43}},"4":{"start":{"line":14,"column":2},"end":{"line":14,"column":43}},"5":{"start":{"line":16,"column":20},"end":{"line":16,"column":30}},"6":{"start":{"line":19,"column":2},"end":{"line":40,"column":5}},"7":{"start":{"line":20,"column":23},"end":{"line":20,"column":45}},"8":{"start":{"line":21,"column":23},"end":{"line":21,"column":37}},"9":{"start":{"line":22,"column":19},"end":{"line":22,"column":39}},"10":{"start":{"line":24,"column":20},"end":{"line":31,"column":5}},"11":{"start":{"line":33,"column":4},"end":{"line":39,"column":5}},"12":{"start":{"line":34,"column":6},"end":{"line":34,"column":66}},"13":{"start":{"line":35,"column":11},"end":{"line":39,"column":5}},"14":{"start":{"line":36,"column":6},"end":{"line":36,"column":65}},"15":{"start":{"line":38,"column":6},"end":{"line":38,"column":52}},"16":{"start":{"line":42,"column":2},"end":{"line":42,"column":9}}},"fnMap":{"0":{"name":"(anonymous_0)","decl":{"start":{"line":7,"column":39},"end":{"line":7,"column":40}},"loc":{"start":{"line":7,"column":59},"end":{"line":43,"column":1}},"line":7},"1":{"name":"(anonymous_1)","decl":{"start":{"line":19,"column":19},"end":{"line":19,"column":20}},"loc":{"start":{"line":19,"column":25},"end":{"line":40,"column":3}},"line":19}},"branchMap":{"0":{"loc":{"start":{"line":9,"column":20},"end":{"line":9,"column":79}},"type":"binary-expr","locations":[{"start":{"line":9,"column":20},"end":{"line":9,"column":47}},{"start":{"line":9,"column":51},"end":{"line":9,"column":79}}],"line":9},"1":{"loc":{"start":{"line":22,"column":19},"end":{"line":22,"column":39}},"type":"binary-expr","locations":[{"start":{"line":22,"column":19},"end":{"line":22,"column":31}},{"start":{"line":22,"column":35},"end":{"line":22,"column":39}}],"line":22},"2":{"loc":{"start":{"line":27,"column":11},"end":{"line":27,"column":37}},"type":"binary-expr","locations":[{"start":{"line":27,"column":11},"end":{"line":27,"column":26}},{"start":{"line":27,"column":30},"end":{"line":27,"column":37}}],"line":27},"3":{"loc":{"start":{"line":33,"column":4},"end":{"line":39,"column":5}},"type":"if","locations":[{"start":{"line":33,"column":4},"end":{"line":39,"column":5}},{"start":{"line":35,"column":11},"end":{"line":39,"column":5}}],"line":33},"4":{"loc":{"start":{"line":35,"column":11},"end":{"line":39,"column":5}},"type":"if","locations":[{"start":{"line":35,"column":11},"end":{"line":39,"column":5}},{"start":{"line":37,"column":11},"end":{"line":39,"column":5}}],"line":35}},"s":{"0":6,"1":29,"2":29,"3":29,"4":29,"5":29,"6":29,"7":29,"8":29,"9":29,"10":29,"11":29,"12":0,"13":29,"14":10,"15":19,"16":29},"f":{"0":29,"1":29},"b":{"0":[29,28],"1":[29,23],"2":[29,0],"3":[0,29],"4":[10,19]},"inputSourceMap":null,"_coverageSchema":"1a1c01bbd47fc00a2c39e90264f33305004495a9","hash":"2164272338a7db630aa28dacf4dcb098e7ab8e1f"}
,"/Users/abhinavmishra/Desktop/Smart-Pothole-Detection-and-Reporting-System/apps/backend/src/middleware/role.middleware.js": {"path":"/Users/abhinavmishra/Desktop/Smart-Pothole-Detection-and-Reporting-System/apps/backend/src/middleware/role.middleware.js","statementMap":{"0":{"start":{"line":7,"column":25},"end":{"line":24,"column":1}},"1":{"start":{"line":8,"column":2},"end":{"line":23,"column":4}},"2":{"start":{"line":9,"column":4},"end":{"line":11,"column":5}},"3":{"start":{"line":10,"column":6},"end":{"line":10,"column":89}},"4":{"start":{"line":13,"column":4},"end":{"line":20,"column":5}},"5":{"start":{"line":14,"column":6},"end":{"line":19,"column":8}},"6":{"start":{"line":22,"column":4},"end":{"line":22,"column":11}}},"fnMap":{"0":{"name":"(anonymous_0)","decl":{"start":{"line":7,"column":25},"end":{"line":7,"column":26}},"loc":{"start":{"line":7,"column":46},"end":{"line":24,"column":1}},"line":7},"1":{"name":"(anonymous_1)","decl":{"start":{"line":8,"column":9},"end":{"line":8,"column":10}},"loc":{"start":{"line":8,"column":29},"end":{"line":23,"column":3}},"line":8}},"branchMap":{"0":{"loc":{"start":{"line":9,"column":4},"end":{"line":11,"column":5}},"type":"if","locations":[{"start":{"line":9,"column":4},"end":{"line":11,"column":5}},{"start":{},"end":{}}],"line":9},"1":{"loc":{"start":{"line":13,"column":4},"end":{"line":20,"column":5}},"type":"if","locations":[{"start":{"line":13,"column":4},"end":{"line":20,"column":5}},{"start":{},"end":{}}],"line":13}},"s":{"0":6,"1":18,"2":6,"3":0,"4":6,"5":1,"6":5},"f":{"0":18,"1":6},"b":{"0":[0,6],"1":[1,5]},"inputSourceMap":null,"_coverageSchema":"1a1c01bbd47fc00a2c39e90264f33305004495a9","hash":"b9de497728ebb21ff1a08b0afd534f9b64b080a4"}
,"/Users/abhinavmishra/Desktop/Smart-Pothole-Detection-and-Reporting-System/apps/backend/src/middleware/upload.middleware.js": {"path":"/Users/abhinavmishra/Desktop/Smart-Pothole-Detection-and-Reporting-System/apps/backend/src/middleware/upload.middleware.js","statementMap":{"0":{"start":{"line":5,"column":16},"end":{"line":5,"column":38}},"1":{"start":{"line":7,"column":25},"end":{"line":13,"column":1}},"2":{"start":{"line":15,"column":19},"end":{"line":21,"column":1}},"3":{"start":{"line":16,"column":2},"end":{"line":20,"column":3}},"4":{"start":{"line":17,"column":4},"end":{"line":17,"column":19}},"5":{"start":{"line":19,"column":4},"end":{"line":19,"column":118}},"6":{"start":{"line":23,"column":15},"end":{"line":29,"column":2}},"7":{"start":{"line":31,"column":34},"end":{"line":47,"column":1}},"8":{"start":{"line":32,"column":23},"end":{"line":32,"column":47}},"9":{"start":{"line":34,"column":2},"end":{"line":46,"column":4}},"10":{"start":{"line":35,"column":4},"end":{"line":45,"column":7}},"11":{"start":{"line":36,"column":6},"end":{"line":43,"column":7}},"12":{"start":{"line":37,"column":8},"end":{"line":39,"column":9}},"13":{"start":{"line":38,"column":10},"end":{"line":38,"column":105}},"14":{"start":{"line":40,"column":8},"end":{"line":40,"column":76}},"15":{"start":{"line":41,"column":13},"end":{"line":43,"column":7}},"16":{"start":{"line":42,"column":8},"end":{"line":42,"column":25}},"17":{"start":{"line":44,"column":6},"end":{"line":44,"column":13}}},"fnMap":{"0":{"name":"(anonymous_0)","decl":{"start":{"line":15,"column":19},"end":{"line":15,"column":20}},"loc":{"start":{"line":15,"column":38},"end":{"line":21,"column":1}},"line":15},"1":{"name":"(anonymous_1)","decl":{"start":{"line":31,"column":34},"end":{"line":31,"column":35}},"loc":{"start":{"line":31,"column":49},"end":{"line":47,"column":1}},"line":31},"2":{"name":"(anonymous_2)","decl":{"start":{"line":34,"column":9},"end":{"line":34,"column":10}},"loc":{"start":{"line":34,"column":29},"end":{"line":46,"column":3}},"line":34},"3":{"name":"(anonymous_3)","decl":{"start":{"line":35,"column":27},"end":{"line":35,"column":28}},"loc":{"start":{"line":35,"column":36},"end":{"line":45,"column":5}},"line":35}},"branchMap":{"0":{"loc":{"start":{"line":16,"column":2},"end":{"line":20,"column":3}},"type":"if","locations":[{"start":{"line":16,"column":2},"end":{"line":20,"column":3}},{"start":{"line":18,"column":9},"end":{"line":20,"column":3}}],"line":16},"1":{"loc":{"start":{"line":36,"column":6},"end":{"line":43,"column":7}},"type":"if","locations":[{"start":{"line":36,"column":6},"end":{"line":43,"column":7}},{"start":{"line":41,"column":13},"end":{"line":43,"column":7}}],"line":36},"2":{"loc":{"start":{"line":37,"column":8},"end":{"line":39,"column":9}},"type":"if","locations":[{"start":{"line":37,"column":8},"end":{"line":39,"column":9}},{"start":{},"end":{}}],"line":37},"3":{"loc":{"start":{"line":41,"column":13},"end":{"line":43,"column":7}},"type":"if","locations":[{"start":{"line":41,"column":13},"end":{"line":43,"column":7}},{"start":{},"end":{}}],"line":41}},"s":{"0":6,"1":6,"2":6,"3":1,"4":1,"5":0,"6":6,"7":6,"8":6,"9":6,"10":2,"11":2,"12":0,"13":0,"14":0,"15":2,"16":0,"17":2},"f":{"0":1,"1":6,"2":2,"3":2},"b":{"0":[1,0],"1":[0,2],"2":[0,0],"3":[0,2]},"inputSourceMap":null,"_coverageSchema":"1a1c01bbd47fc00a2c39e90264f33305004495a9","hash":"2a5e4836f6dc8b5b94994aa525f464e0edd5d3d0"}
,"/Users/abhinavmishra/Desktop/Smart-Pothole-Detection-and-Reporting-System/apps/backend/src/middleware/validation.middleware.js": {"path":"/Users/abhinavmishra/Desktop/Smart-Pothole-Detection-and-Reporting-System/apps/backend/src/middleware/validation.middleware.js","statementMap":{"0":{"start":{"line":7,"column":31},"end":{"line":34,"column":1}},"1":{"start":{"line":8,"column":2},"end":{"line":33,"column":4}},"2":{"start":{"line":9,"column":4},"end":{"line":32,"column":5}},"3":{"start":{"line":10,"column":6},"end":{"line":12,"column":7}},"4":{"start":{"line":11,"column":8},"end":{"line":11,"column":59}},"5":{"start":{"line":13,"column":6},"end":{"line":15,"column":7}},"6":{"start":{"line":14,"column":8},"end":{"line":14,"column":62}},"7":{"start":{"line":16,"column":6},"end":{"line":18,"column":7}},"8":{"start":{"line":17,"column":8},"end":{"line":17,"column":65}},"9":{"start":{"line":19,"column":6},"end":{"line":19,"column":13}},"10":{"start":{"line":21,"column":6},"end":{"line":30,"column":7}},"11":{"start":{"line":22,"column":23},"end":{"line":22,"column":53}},"12":{"start":{"line":23,"column":32},"end":{"line":26,"column":11}},"13":{"start":{"line":23,"column":55},"end":{"line":26,"column":9}},"14":{"start":{"line":27,"column":8},"end":{"line":29,"column":10}},"15":{"start":{"line":28,"column":71},"end":{"line":28,"column":80}},"16":{"start":{"line":31,"column":6},"end":{"line":31,"column":16}}},"fnMap":{"0":{"name":"(anonymous_0)","decl":{"start":{"line":7,"column":31},"end":{"line":7,"column":32}},"loc":{"start":{"line":7,"column":44},"end":{"line":34,"column":1}},"line":7},"1":{"name":"(anonymous_1)","decl":{"start":{"line":8,"column":9},"end":{"line":8,"column":10}},"loc":{"start":{"line":8,"column":35},"end":{"line":33,"column":3}},"line":8},"2":{"name":"(anonymous_2)","decl":{"start":{"line":23,"column":43},"end":{"line":23,"column":44}},"loc":{"start":{"line":23,"column":55},"end":{"line":26,"column":9}},"line":23},"3":{"name":"(anonymous_3)","decl":{"start":{"line":28,"column":64},"end":{"line":28,"column":65}},"loc":{"start":{"line":28,"column":71},"end":{"line":28,"column":80}},"line":28}},"branchMap":{"0":{"loc":{"start":{"line":10,"column":6},"end":{"line":12,"column":7}},"type":"if","locations":[{"start":{"line":10,"column":6},"end":{"line":12,"column":7}},{"start":{},"end":{}}],"line":10},"1":{"loc":{"start":{"line":13,"column":6},"end":{"line":15,"column":7}},"type":"if","locations":[{"start":{"line":13,"column":6},"end":{"line":15,"column":7}},{"start":{},"end":{}}],"line":13},"2":{"loc":{"start":{"line":16,"column":6},"end":{"line":18,"column":7}},"type":"if","locations":[{"start":{"line":16,"column":6},"end":{"line":18,"column":7}},{"start":{},"end":{}}],"line":16},"3":{"loc":{"start":{"line":21,"column":6},"end":{"line":30,"column":7}},"type":"if","locations":[{"start":{"line":21,"column":6},"end":{"line":30,"column":7}},{"start":{},"end":{}}],"line":21},"4":{"loc":{"start":{"line":21,"column":10},"end":{"line":21,"column":47}},"type":"binary-expr","locations":[{"start":{"line":21,"column":10},"end":{"line":21,"column":33}},{"start":{"line":21,"column":37},"end":{"line":21,"column":47}}],"line":21},"5":{"loc":{"start":{"line":22,"column":23},"end":{"line":22,"column":53}},"type":"binary-expr","locations":[{"start":{"line":22,"column":23},"end":{"line":22,"column":33}},{"start":{"line":22,"column":37},"end":{"line":22,"column":47}},{"start":{"line":22,"column":51},"end":{"line":22,"column":53}}],"line":22}},"s":{"0":6,"1":24,"2":12,"3":12,"4":12,"5":10,"6":0,"7":10,"8":0,"9":10,"10":2,"11":2,"12":2,"13":4,"14":2,"15":4,"16":0},"f":{"0":24,"1":12,"2":4,"3":4},"b":{"0":[12,0],"1":[0,10],"2":[0,10],"3":[2,0],"4":[2,0],"5":[2,0,0]},"inputSourceMap":null,"_coverageSchema":"1a1c01bbd47fc00a2c39e90264f33305004495a9","hash":"27a9e5a7fda52bacf7354d32f43ab624dd81b706"}
,"/Users/abhinavmishra/Desktop/Smart-Pothole-Detection-and-Reporting-System/apps/backend/src/modules/auth/auth.controller.js": {"path":"/Users/abhinavmishra/Desktop/Smart-Pothole-Detection-and-Reporting-System/apps/backend/src/modules/auth/auth.controller.js","statementMap":{"0":{"start":{"line":9,"column":34},"end":{"line":18,"column":2}},"1":{"start":{"line":10,"column":42},"end":{"line":10,"column":50}},"2":{"start":{"line":11,"column":17},"end":{"line":11,"column":68}},"3":{"start":{"line":13,"column":2},"end":{"line":17,"column":5}},"4":{"start":{"line":25,"column":31},"end":{"line":34,"column":2}},"5":{"start":{"line":26,"column":30},"end":{"line":26,"column":38}},"6":{"start":{"line":27,"column":17},"end":{"line":27,"column":53}},"7":{"start":{"line":29,"column":2},"end":{"line":33,"column":5}},"8":{"start":{"line":41,"column":33},"end":{"line":50,"column":2}},"9":{"start":{"line":42,"column":27},"end":{"line":42,"column":35}},"10":{"start":{"line":43,"column":17},"end":{"line":43,"column":53}},"11":{"start":{"line":45,"column":2},"end":{"line":49,"column":5}},"12":{"start":{"line":57,"column":32},"end":{"line":62,"column":2}},"13":{"start":{"line":58,"column":2},"end":{"line":61,"column":5}}},"fnMap":{"0":{"name":"(anonymous_0)","decl":{"start":{"line":9,"column":47},"end":{"line":9,"column":48}},"loc":{"start":{"line":9,"column":67},"end":{"line":18,"column":1}},"line":9},"1":{"name":"(anonymous_1)","decl":{"start":{"line":25,"column":44},"end":{"line":25,"column":45}},"loc":{"start":{"line":25,"column":64},"end":{"line":34,"column":1}},"line":25},"2":{"name":"(anonymous_2)","decl":{"start":{"line":41,"column":46},"end":{"line":41,"column":47}},"loc":{"start":{"line":41,"column":66},"end":{"line":50,"column":1}},"line":41},"3":{"name":"(anonymous_3)","decl":{"start":{"line":57,"column":45},"end":{"line":57,"column":46}},"loc":{"start":{"line":57,"column":65},"end":{"line":62,"column":1}},"line":57}},"branchMap":{},"s":{"0":6,"1":6,"2":6,"3":5,"4":6,"5":2,"6":2,"7":1,"8":6,"9":1,"10":1,"11":1,"12":6,"13":1},"f":{"0":6,"1":2,"2":1,"3":1},"b":{},"inputSourceMap":null,"_coverageSchema":"1a1c01bbd47fc00a2c39e90264f33305004495a9","hash":"6994cc3674b2d8e7e10f8069424ff5b52e14178a"}
,"/Users/abhinavmishra/Desktop/Smart-Pothole-Detection-and-Reporting-System/apps/backend/src/modules/auth/auth.routes.js": {"path":"/Users/abhinavmishra/Desktop/Smart-Pothole-Detection-and-Reporting-System/apps/backend/src/modules/auth/auth.routes.js","statementMap":{"0":{"start":{"line":12,"column":15},"end":{"line":12,"column":23}},"1":{"start":{"line":15,"column":0},"end":{"line":15,"column":28}},"2":{"start":{"line":18,"column":0},"end":{"line":18,"column":88}},"3":{"start":{"line":21,"column":0},"end":{"line":21,"column":79}},"4":{"start":{"line":24,"column":0},"end":{"line":24,"column":85}},"5":{"start":{"line":27,"column":0},"end":{"line":27,"column":41}}},"fnMap":{},"branchMap":{},"s":{"0":6,"1":6,"2":6,"3":6,"4":6,"5":6},"f":{},"b":{},"inputSourceMap":null,"_coverageSchema":"1a1c01bbd47fc00a2c39e90264f33305004495a9","hash":"e109fa47d2a2178131eceeec4fa03e6519278131"}
,"/Users/abhinavmishra/Desktop/Smart-Pothole-Detection-and-Reporting-System/apps/backend/src/modules/auth/auth.service.js": {"path":"/Users/abhinavmishra/Desktop/Smart-Pothole-Detection-and-Reporting-System/apps/backend/src/modules/auth/auth.service.js","statementMap":{"0":{"start":{"line":9,"column":28},"end":{"line":47,"column":1}},"1":{"start":{"line":10,"column":2},"end":{"line":12,"column":3}},"2":{"start":{"line":11,"column":4},"end":{"line":11,"column":77}},"3":{"start":{"line":14,"column":23},"end":{"line":16,"column":4}},"4":{"start":{"line":18,"column":2},"end":{"line":20,"column":3}},"5":{"start":{"line":19,"column":4},"end":{"line":19,"column":77}},"6":{"start":{"line":22,"column":21},"end":{"line":22,"column":51}},"7":{"start":{"line":23,"column":19},"end":{"line":23,"column":89}},"8":{"start":{"line":25,"column":23},"end":{"line":25,"column":54}},"9":{"start":{"line":27,"column":15},"end":{"line":41,"column":4}},"10":{"start":{"line":43,"column":22},"end":{"line":43,"column":47}},"11":{"start":{"line":44,"column":23},"end":{"line":44,"column":49}},"12":{"start":{"line":46,"column":2},"end":{"line":46,"column":45}},"13":{"start":{"line":52,"column":25},"end":{"line":82,"column":1}},"14":{"start":{"line":53,"column":2},"end":{"line":55,"column":3}},"15":{"start":{"line":54,"column":4},"end":{"line":54,"column":70}},"16":{"start":{"line":57,"column":15},"end":{"line":59,"column":4}},"17":{"start":{"line":61,"column":2},"end":{"line":63,"column":3}},"18":{"start":{"line":62,"column":4},"end":{"line":62,"column":69}},"19":{"start":{"line":65,"column":18},"end":{"line":65,"column":67}},"20":{"start":{"line":66,"column":2},"end":{"line":68,"column":3}},"21":{"start":{"line":67,"column":4},"end":{"line":67,"column":69}},"22":{"start":{"line":70,"column":19},"end":{"line":76,"column":3}},"23":{"start":{"line":78,"column":22},"end":{"line":78,"column":51}},"24":{"start":{"line":79,"column":23},"end":{"line":79,"column":53}},"25":{"start":{"line":81,"column":2},"end":{"line":81,"column":55}},"26":{"start":{"line":87,"column":32},"end":{"line":114,"column":1}},"27":{"start":{"line":88,"column":2},"end":{"line":90,"column":3}},"28":{"start":{"line":89,"column":4},"end":{"line":89,"column":57}},"29":{"start":{"line":92,"column":2},"end":{"line":113,"column":3}},"30":{"start":{"line":93,"column":20},"end":{"line":93,"column":52}},"31":{"start":{"line":95,"column":17},"end":{"line":98,"column":6}},"32":{"start":{"line":100,"column":4},"end":{"line":102,"column":5}},"33":{"start":{"line":101,"column":6},"end":{"line":101,"column":82}},"34":{"start":{"line":104,"column":27},"end":{"line":104,"column":52}},"35":{"start":{"line":105,"column":28},"end":{"line":105,"column":54}},"36":{"start":{"line":107,"column":4},"end":{"line":110,"column":6}},"37":{"start":{"line":112,"column":4},"end":{"line":112,"column":64}}},"fnMap":{"0":{"name":"(anonymous_0)","decl":{"start":{"line":9,"column":28},"end":{"line":9,"column":29}},"loc":{"start":{"line":9,"column":80},"end":{"line":47,"column":1}},"line":9},"1":{"name":"(anonymous_1)","decl":{"start":{"line":52,"column":25},"end":{"line":52,"column":26}},"loc":{"start":{"line":52,"column":56},"end":{"line":82,"column":1}},"line":52},"2":{"name":"(anonymous_2)","decl":{"start":{"line":87,"column":32},"end":{"line":87,"column":33}},"loc":{"start":{"line":87,"column":56},"end":{"line":114,"column":1}},"line":87}},"branchMap":{"0":{"loc":{"start":{"line":9,"column":60},"end":{"line":9,"column":73}},"type":"default-arg","locations":[{"start":{"line":9,"column":67},"end":{"line":9,"column":73}}],"line":9},"1":{"loc":{"start":{"line":10,"column":2},"end":{"line":12,"column":3}},"type":"if","locations":[{"start":{"line":10,"column":2},"end":{"line":12,"column":3}},{"start":{},"end":{}}],"line":10},"2":{"loc":{"start":{"line":10,"column":6},"end":{"line":10,"column":34}},"type":"binary-expr","locations":[{"start":{"line":10,"column":6},"end":{"line":10,"column":11}},{"start":{"line":10,"column":15},"end":{"line":10,"column":21}},{"start":{"line":10,"column":25},"end":{"line":10,"column":34}}],"line":10},"3":{"loc":{"start":{"line":18,"column":2},"end":{"line":20,"column":3}},"type":"if","locations":[{"start":{"line":18,"column":2},"end":{"line":20,"column":3}},{"start":{},"end":{}}],"line":18},"4":{"loc":{"start":{"line":23,"column":19},"end":{"line":23,"column":89}},"type":"cond-expr","locations":[{"start":{"line":23,"column":62},"end":{"line":23,"column":80}},{"start":{"line":23,"column":83},"end":{"line":23,"column":89}}],"line":23},"5":{"loc":{"start":{"line":53,"column":2},"end":{"line":55,"column":3}},"type":"if","locations":[{"start":{"line":53,"column":2},"end":{"line":55,"column":3}},{"start":{},"end":{}}],"line":53},"6":{"loc":{"start":{"line":53,"column":6},"end":{"line":53,"column":25}},"type":"binary-expr","locations":[{"start":{"line":53,"column":6},"end":{"line":53,"column":12}},{"start":{"line":53,"column":16},"end":{"line":53,"column":25}}],"line":53},"7":{"loc":{"start":{"line":61,"column":2},"end":{"line":63,"column":3}},"type":"if","locations":[{"start":{"line":61,"column":2},"end":{"line":63,"column":3}},{"start":{},"end":{}}],"line":61},"8":{"loc":{"start":{"line":66,"column":2},"end":{"line":68,"column":3}},"type":"if","locations":[{"start":{"line":66,"column":2},"end":{"line":68,"column":3}},{"start":{},"end":{}}],"line":66},"9":{"loc":{"start":{"line":88,"column":2},"end":{"line":90,"column":3}},"type":"if","locations":[{"start":{"line":88,"column":2},"end":{"line":90,"column":3}},{"start":{},"end":{}}],"line":88},"10":{"loc":{"start":{"line":100,"column":4},"end":{"line":102,"column":5}},"type":"if","locations":[{"start":{"line":100,"column":4},"end":{"line":102,"column":5}},{"start":{},"end":{}}],"line":100}},"s":{"0":6,"1":6,"2":0,"3":6,"4":6,"5":1,"6":5,"7":5,"8":5,"9":5,"10":5,"11":5,"12":5,"13":6,"14":2,"15":0,"16":2,"17":2,"18":0,"19":2,"20":2,"21":1,"22":1,"23":1,"24":1,"25":1,"26":6,"27":1,"28":0,"29":1,"30":1,"31":1,"32":1,"33":0,"34":1,"35":1,"36":1,"37":0},"f":{"0":6,"1":2,"2":1},"b":{"0":[0],"1":[0,6],"2":[6,6,6],"3":[1,5],"4":[5,0],"5":[0,2],"6":[2,2],"7":[0,2],"8":[1,1],"9":[0,1],"10":[0,1]},"inputSourceMap":null,"_coverageSchema":"1a1c01bbd47fc00a2c39e90264f33305004495a9","hash":"f8a03abf0539fe150e4fa47582ffb7201cd29cc6"}
,"/Users/abhinavmishra/Desktop/Smart-Pothole-Detection-and-Reporting-System/apps/backend/src/modules/auth/auth.validation.js": {"path":"/Users/abhinavmishra/Desktop/Smart-Pothole-Detection-and-Reporting-System/apps/backend/src/modules/auth/auth.validation.js","statementMap":{},"fnMap":{},"branchMap":{},"s":{},"f":{},"b":{},"inputSourceMap":null}
,"/Users/abhinavmishra/Desktop/Smart-Pothole-Detection-and-Reporting-System/apps/backend/src/modules/auth/auth.validator.js": {"path":"/Users/abhinavmishra/Desktop/Smart-Pothole-Detection-and-Reporting-System/apps/backend/src/modules/auth/auth.validator.js","statementMap":{"0":{"start":{"line":3,"column":30},"end":{"line":8,"column":2}},"1":{"start":{"line":10,"column":27},"end":{"line":13,"column":2}},"2":{"start":{"line":15,"column":29},"end":{"line":17,"column":2}}},"fnMap":{},"branchMap":{},"s":{"0":6,"1":6,"2":6},"f":{},"b":{},"inputSourceMap":null,"_coverageSchema":"1a1c01bbd47fc00a2c39e90264f33305004495a9","hash":"7e2bca0ea58e37ff1a9d86beae9e1b9ba544ac0c"}
,"/Users/abhinavmishra/Desktop/Smart-Pothole-Detection-and-Reporting-System/apps/backend/src/modules/authorities/authority.controller.js": {"path":"/Users/abhinavmishra/Desktop/Smart-Pothole-Detection-and-Reporting-System/apps/backend/src/modules/authorities/authority.controller.js","statementMap":{},"fnMap":{},"branchMap":{},"s":{},"f":{},"b":{},"inputSourceMap":null}
,"/Users/abhinavmishra/Desktop/Smart-Pothole-Detection-and-Reporting-System/apps/backend/src/modules/authorities/authority.routes.js": {"path":"/Users/abhinavmishra/Desktop/Smart-Pothole-Detection-and-Reporting-System/apps/backend/src/modules/authorities/authority.routes.js","statementMap":{},"fnMap":{},"branchMap":{},"s":{},"f":{},"b":{},"inputSourceMap":null}
,"/Users/abhinavmishra/Desktop/Smart-Pothole-Detection-and-Reporting-System/apps/backend/src/modules/authorities/authority.service.js": {"path":"/Users/abhinavmishra/Desktop/Smart-Pothole-Detection-and-Reporting-System/apps/backend/src/modules/authorities/authority.service.js","statementMap":{},"fnMap":{},"branchMap":{},"s":{},"f":{},"b":{},"inputSourceMap":null}
,"/Users/abhinavmishra/Desktop/Smart-Pothole-Detection-and-Reporting-System/apps/backend/src/modules/dashboard/dashboard.controller.js": {"path":"/Users/abhinavmishra/Desktop/Smart-Pothole-Detection-and-Reporting-System/apps/backend/src/modules/dashboard/dashboard.controller.js","statementMap":{"0":{"start":{"line":14,"column":37},"end":{"line":20,"column":2}},"1":{"start":{"line":15,"column":16},"end":{"line":15,"column":40}},"2":{"start":{"line":16,"column":2},"end":{"line":19,"column":5}},"3":{"start":{"line":27,"column":32},"end":{"line":35,"column":2}},"4":{"start":{"line":28,"column":31},"end":{"line":28,"column":40}},"5":{"start":{"line":29,"column":19},"end":{"line":29,"column":61}},"6":{"start":{"line":30,"column":2},"end":{"line":34,"column":5}},"7":{"start":{"line":42,"column":35},"end":{"line":50,"column":2}},"8":{"start":{"line":43,"column":20},"end":{"line":43,"column":29}},"9":{"start":{"line":44,"column":17},"end":{"line":44,"column":47}},"10":{"start":{"line":45,"column":2},"end":{"line":49,"column":5}},"11":{"start":{"line":57,"column":43},"end":{"line":63,"column":2}},"12":{"start":{"line":58,"column":20},"end":{"line":58,"column":45}},"13":{"start":{"line":59,"column":2},"end":{"line":62,"column":5}}},"fnMap":{"0":{"name":"(anonymous_0)","decl":{"start":{"line":14,"column":50},"end":{"line":14,"column":51}},"loc":{"start":{"line":14,"column":76},"end":{"line":20,"column":1}},"line":14},"1":{"name":"(anonymous_1)","decl":{"start":{"line":27,"column":45},"end":{"line":27,"column":46}},"loc":{"start":{"line":27,"column":71},"end":{"line":35,"column":1}},"line":27},"2":{"name":"(anonymous_2)","decl":{"start":{"line":42,"column":48},"end":{"line":42,"column":49}},"loc":{"start":{"line":42,"column":74},"end":{"line":50,"column":1}},"line":42},"3":{"name":"(anonymous_3)","decl":{"start":{"line":57,"column":56},"end":{"line":57,"column":57}},"loc":{"start":{"line":57,"column":82},"end":{"line":63,"column":1}},"line":57}},"branchMap":{},"s":{"0":6,"1":2,"2":2,"3":6,"4":1,"5":1,"6":1,"7":6,"8":1,"9":1,"10":1,"11":6,"12":1,"13":1},"f":{"0":2,"1":1,"2":1,"3":1},"b":{},"inputSourceMap":null,"_coverageSchema":"1a1c01bbd47fc00a2c39e90264f33305004495a9","hash":"ef973d2af0c015343d05e9c79406178cbcfdc7db"}
,"/Users/abhinavmishra/Desktop/Smart-Pothole-Detection-and-Reporting-System/apps/backend/src/modules/dashboard/dashboard.routes.js": {"path":"/Users/abhinavmishra/Desktop/Smart-Pothole-Detection-and-Reporting-System/apps/backend/src/modules/dashboard/dashboard.routes.js","statementMap":{"0":{"start":{"line":11,"column":15},"end":{"line":11,"column":23}},"1":{"start":{"line":14,"column":0},"end":{"line":14,"column":94}},"2":{"start":{"line":17,"column":0},"end":{"line":17,"column":37}},"3":{"start":{"line":20,"column":0},"end":{"line":20,"column":43}},"4":{"start":{"line":23,"column":0},"end":{"line":23,"column":103}}},"fnMap":{},"branchMap":{},"s":{"0":6,"1":6,"2":6,"3":6,"4":6},"f":{},"b":{},"inputSourceMap":null,"_coverageSchema":"1a1c01bbd47fc00a2c39e90264f33305004495a9","hash":"d81d4c8be3ef3ac32049afabf76af9a8ab0620d9"}
,"/Users/abhinavmishra/Desktop/Smart-Pothole-Detection-and-Reporting-System/apps/backend/src/modules/dashboard/dashboard.service.js": {"path":"/Users/abhinavmishra/Desktop/Smart-Pothole-Detection-and-Reporting-System/apps/backend/src/modules/dashboard/dashboard.service.js","statementMap":{"0":{"start":{"line":6,"column":32},"end":{"line":50,"column":1}},"1":{"start":{"line":7,"column":21},"end":{"line":7,"column":49}},"2":{"start":{"line":9,"column":23},"end":{"line":12,"column":4}},"3":{"start":{"line":14,"column":25},"end":{"line":17,"column":4}},"4":{"start":{"line":20,"column":20},"end":{"line":27,"column":3}},"5":{"start":{"line":29,"column":2},"end":{"line":31,"column":5}},"6":{"start":{"line":30,"column":4},"end":{"line":30,"column":48}},"7":{"start":{"line":34,"column":22},"end":{"line":39,"column":3}},"8":{"start":{"line":41,"column":2},"end":{"line":43,"column":5}},"9":{"start":{"line":42,"column":4},"end":{"line":42,"column":52}},"10":{"start":{"line":45,"column":2},"end":{"line":49,"column":4}},"11":{"start":{"line":55,"column":30},"end":{"line":72,"column":1}},"12":{"start":{"line":56,"column":16},"end":{"line":56,"column":18}},"13":{"start":{"line":57,"column":2},"end":{"line":57,"column":36}},"14":{"start":{"line":57,"column":14},"end":{"line":57,"column":36}},"15":{"start":{"line":58,"column":2},"end":{"line":58,"column":42}},"16":{"start":{"line":58,"column":16},"end":{"line":58,"column":42}},"17":{"start":{"line":60,"column":2},"end":{"line":71,"column":5}},"18":{"start":{"line":77,"column":33},"end":{"line":105,"column":1}},"19":{"start":{"line":78,"column":2},"end":{"line":104,"column":5}},"20":{"start":{"line":110,"column":33},"end":{"line":136,"column":1}},"21":{"start":{"line":111,"column":22},"end":{"line":120,"column":4}},"22":{"start":{"line":122,"column":2},"end":{"line":135,"column":5}},"23":{"start":{"line":123,"column":26},"end":{"line":123,"column":46}},"24":{"start":{"line":124,"column":21},"end":{"line":124,"column":80}},"25":{"start":{"line":124,"column":49},"end":{"line":124,"column":72}},"26":{"start":{"line":125,"column":20},"end":{"line":125,"column":109}},"27":{"start":{"line":125,"column":48},"end":{"line":125,"column":101}},"28":{"start":{"line":127,"column":4},"end":{"line":134,"column":6}}},"fnMap":{"0":{"name":"(anonymous_0)","decl":{"start":{"line":6,"column":32},"end":{"line":6,"column":33}},"loc":{"start":{"line":6,"column":44},"end":{"line":50,"column":1}},"line":6},"1":{"name":"(anonymous_1)","decl":{"start":{"line":29,"column":23},"end":{"line":29,"column":24}},"loc":{"start":{"line":29,"column":34},"end":{"line":31,"column":3}},"line":29},"2":{"name":"(anonymous_2)","decl":{"start":{"line":41,"column":25},"end":{"line":41,"column":26}},"loc":{"start":{"line":41,"column":36},"end":{"line":43,"column":3}},"line":41},"3":{"name":"(anonymous_3)","decl":{"start":{"line":55,"column":30},"end":{"line":55,"column":31}},"loc":{"start":{"line":55,"column":67},"end":{"line":72,"column":1}},"line":55},"4":{"name":"(anonymous_4)","decl":{"start":{"line":77,"column":33},"end":{"line":77,"column":34}},"loc":{"start":{"line":77,"column":55},"end":{"line":105,"column":1}},"line":77},"5":{"name":"(anonymous_5)","decl":{"start":{"line":110,"column":33},"end":{"line":110,"column":34}},"loc":{"start":{"line":110,"column":45},"end":{"line":136,"column":1}},"line":110},"6":{"name":"(anonymous_6)","decl":{"start":{"line":122,"column":25},"end":{"line":122,"column":26}},"loc":{"start":{"line":122,"column":35},"end":{"line":135,"column":3}},"line":122},"7":{"name":"(anonymous_7)","decl":{"start":{"line":124,"column":42},"end":{"line":124,"column":43}},"loc":{"start":{"line":124,"column":49},"end":{"line":124,"column":72}},"line":124},"8":{"name":"(anonymous_8)","decl":{"start":{"line":125,"column":41},"end":{"line":125,"column":42}},"loc":{"start":{"line":125,"column":48},"end":{"line":125,"column":101}},"line":125}},"branchMap":{"0":{"loc":{"start":{"line":55,"column":37},"end":{"line":55,"column":62}},"type":"default-arg","locations":[{"start":{"line":55,"column":60},"end":{"line":55,"column":62}}],"line":55},"1":{"loc":{"start":{"line":57,"column":2},"end":{"line":57,"column":36}},"type":"if","locations":[{"start":{"line":57,"column":2},"end":{"line":57,"column":36}},{"start":{},"end":{}}],"line":57},"2":{"loc":{"start":{"line":58,"column":2},"end":{"line":58,"column":42}},"type":"if","locations":[{"start":{"line":58,"column":2},"end":{"line":58,"column":42}},{"start":{},"end":{}}],"line":58},"3":{"loc":{"start":{"line":77,"column":40},"end":{"line":77,"column":50}},"type":"default-arg","locations":[{"start":{"line":77,"column":48},"end":{"line":77,"column":50}}],"line":77},"4":{"loc":{"start":{"line":79,"column":10},"end":{"line":79,"column":29}},"type":"binary-expr","locations":[{"start":{"line":79,"column":10},"end":{"line":79,"column":23}},{"start":{"line":79,"column":27},"end":{"line":79,"column":29}}],"line":79},"5":{"loc":{"start":{"line":125,"column":48},"end":{"line":125,"column":101}},"type":"binary-expr","locations":[{"start":{"line":125,"column":48},"end":{"line":125,"column":71}},{"start":{"line":125,"column":75},"end":{"line":125,"column":101}}],"line":125}},"s":{"0":6,"1":2,"2":2,"3":2,"4":2,"5":2,"6":0,"7":2,"8":2,"9":0,"10":2,"11":6,"12":1,"13":1,"14":0,"15":1,"16":0,"17":1,"18":6,"19":1,"20":6,"21":1,"22":1,"23":0,"24":0,"25":0,"26":0,"27":0,"28":0},"f":{"0":2,"1":0,"2":0,"3":1,"4":1,"5":1,"6":0,"7":0,"8":0},"b":{"0":[0],"1":[0,1],"2":[0,1],"3":[1],"4":[1,0],"5":[0,0]},"inputSourceMap":null,"_coverageSchema":"1a1c01bbd47fc00a2c39e90264f33305004495a9","hash":"2cf2b5ba33cd765ebeb2f288fd88818fa38cca67"}
,"/Users/abhinavmishra/Desktop/Smart-Pothole-Detection-and-Reporting-System/apps/backend/src/modules/detections/detection.controller.js": {"path":"/Users/abhinavmishra/Desktop/Smart-Pothole-Detection-and-Reporting-System/apps/backend/src/modules/detections/detection.controller.js","statementMap":{},"fnMap":{},"branchMap":{},"s":{},"f":{},"b":{},"inputSourceMap":null}
,"/Users/abhinavmishra/Desktop/Smart-Pothole-Detection-and-Reporting-System/apps/backend/src/modules/detections/detection.routes.js": {"path":"/Users/abhinavmishra/Desktop/Smart-Pothole-Detection-and-Reporting-System/apps/backend/src/modules/detections/detection.routes.js","statementMap":{},"fnMap":{},"branchMap":{},"s":{},"f":{},"b":{},"inputSourceMap":null}
,"/Users/abhinavmishra/Desktop/Smart-Pothole-Detection-and-Reporting-System/apps/backend/src/modules/detections/detection.service.js": {"path":"/Users/abhinavmishra/Desktop/Smart-Pothole-Detection-and-Reporting-System/apps/backend/src/modules/detections/detection.service.js","statementMap":{},"fnMap":{},"branchMap":{},"s":{},"f":{},"b":{},"inputSourceMap":null}
,"/Users/abhinavmishra/Desktop/Smart-Pothole-Detection-and-Reporting-System/apps/backend/src/modules/media/media.controller.js": {"path":"/Users/abhinavmishra/Desktop/Smart-Pothole-Detection-and-Reporting-System/apps/backend/src/modules/media/media.controller.js","statementMap":{"0":{"start":{"line":11,"column":37},"end":{"line":46,"column":2}},"1":{"start":{"line":12,"column":2},"end":{"line":14,"column":3}},"2":{"start":{"line":13,"column":4},"end":{"line":13,"column":86}},"3":{"start":{"line":16,"column":45},"end":{"line":16,"column":53}},"4":{"start":{"line":19,"column":19},"end":{"line":19,"column":59}},"5":{"start":{"line":21,"column":18},"end":{"line":21,"column":56}},"6":{"start":{"line":23,"column":17},"end":{"line":23,"column":46}},"7":{"start":{"line":25,"column":24},"end":{"line":39,"column":8}},"8":{"start":{"line":41,"column":2},"end":{"line":45,"column":5}}},"fnMap":{"0":{"name":"(anonymous_0)","decl":{"start":{"line":11,"column":50},"end":{"line":11,"column":51}},"loc":{"start":{"line":11,"column":76},"end":{"line":46,"column":1}},"line":11}},"branchMap":{"0":{"loc":{"start":{"line":12,"column":2},"end":{"line":14,"column":3}},"type":"if","locations":[{"start":{"line":12,"column":2},"end":{"line":14,"column":3}},{"start":{},"end":{}}],"line":12},"1":{"loc":{"start":{"line":23,"column":17},"end":{"line":23,"column":46}},"type":"cond-expr","locations":[{"start":{"line":23,"column":28},"end":{"line":23,"column":39}},{"start":{"line":23,"column":42},"end":{"line":23,"column":46}}],"line":23},"2":{"loc":{"start":{"line":25,"column":24},"end":{"line":39,"column":8}},"type":"cond-expr","locations":[{"start":{"line":26,"column":6},"end":{"line":32,"column":8}},{"start":{"line":33,"column":6},"end":{"line":39,"column":8}}],"line":25},"3":{"loc":{"start":{"line":30,"column":19},"end":{"line":30,"column":36}},"type":"binary-expr","locations":[{"start":{"line":30,"column":19},"end":{"line":30,"column":28}},{"start":{"line":30,"column":32},"end":{"line":30,"column":36}}],"line":30},"4":{"loc":{"start":{"line":37,"column":19},"end":{"line":37,"column":36}},"type":"binary-expr","locations":[{"start":{"line":37,"column":19},"end":{"line":37,"column":28}},{"start":{"line":37,"column":32},"end":{"line":37,"column":36}}],"line":37},"5":{"loc":{"start":{"line":43,"column":13},"end":{"line":43,"column":112}},"type":"cond-expr","locations":[{"start":{"line":43,"column":23},"end":{"line":43,"column":66}},{"start":{"line":43,"column":69},"end":{"line":43,"column":112}}],"line":43}},"s":{"0":6,"1":2,"2":1,"3":1,"4":1,"5":0,"6":0,"7":0,"8":0},"f":{"0":2},"b":{"0":[1,1],"1":[0,0],"2":[0,0],"3":[0,0],"4":[0,0],"5":[0,0]},"inputSourceMap":null,"_coverageSchema":"1a1c01bbd47fc00a2c39e90264f33305004495a9","hash":"06ce4d2f3b0a4fd186bf197cb6fa83bb25b07464"}
,"/Users/abhinavmishra/Desktop/Smart-Pothole-Detection-and-Reporting-System/apps/backend/src/modules/media/media.routes.js": {"path":"/Users/abhinavmishra/Desktop/Smart-Pothole-Detection-and-Reporting-System/apps/backend/src/modules/media/media.routes.js","statementMap":{"0":{"start":{"line":6,"column":15},"end":{"line":6,"column":23}},"1":{"start":{"line":9,"column":0},"end":{"line":9,"column":93}}},"fnMap":{},"branchMap":{},"s":{"0":6,"1":6},"f":{},"b":{},"inputSourceMap":null,"_coverageSchema":"1a1c01bbd47fc00a2c39e90264f33305004495a9","hash":"964532dd79e31891beb916d2e1b94dc725ddf9a8"}
,"/Users/abhinavmishra/Desktop/Smart-Pothole-Detection-and-Reporting-System/apps/backend/src/modules/media/media.service.js": {"path":"/Users/abhinavmishra/Desktop/Smart-Pothole-Detection-and-Reporting-System/apps/backend/src/modules/media/media.service.js","statementMap":{"0":{"start":{"line":13,"column":34},"end":{"line":58,"column":1}},"1":{"start":{"line":14,"column":2},"end":{"line":16,"column":3}},"2":{"start":{"line":15,"column":4},"end":{"line":15,"column":65}},"3":{"start":{"line":18,"column":20},"end":{"line":18,"column":74}},"4":{"start":{"line":19,"column":17},"end":{"line":19,"column":80}},"5":{"start":{"line":22,"column":23},"end":{"line":26,"column":4}},"6":{"start":{"line":28,"column":20},"end":{"line":28,"column":24}},"7":{"start":{"line":31,"column":2},"end":{"line":43,"column":3}},"8":{"start":{"line":32,"column":4},"end":{"line":42,"column":7}},"9":{"start":{"line":45,"column":2},"end":{"line":57,"column":4}}},"fnMap":{"0":{"name":"(anonymous_0)","decl":{"start":{"line":13,"column":34},"end":{"line":13,"column":35}},"loc":{"start":{"line":13,"column":93},"end":{"line":58,"column":1}},"line":13}},"branchMap":{"0":{"loc":{"start":{"line":13,"column":70},"end":{"line":13,"column":86}},"type":"default-arg","locations":[{"start":{"line":13,"column":82},"end":{"line":13,"column":86}}],"line":13},"1":{"loc":{"start":{"line":14,"column":2},"end":{"line":16,"column":3}},"type":"if","locations":[{"start":{"line":14,"column":2},"end":{"line":16,"column":3}},{"start":{},"end":{}}],"line":14},"2":{"loc":{"start":{"line":18,"column":20},"end":{"line":18,"column":74}},"type":"cond-expr","locations":[{"start":{"line":18,"column":57},"end":{"line":18,"column":64}},{"start":{"line":18,"column":67},"end":{"line":18,"column":74}}],"line":18},"3":{"loc":{"start":{"line":19,"column":17},"end":{"line":19,"column":80}},"type":"cond-expr","locations":[{"start":{"line":19,"column":41},"end":{"line":19,"column":59}},{"start":{"line":19,"column":62},"end":{"line":19,"column":80}}],"line":19},"4":{"loc":{"start":{"line":31,"column":2},"end":{"line":43,"column":3}},"type":"if","locations":[{"start":{"line":31,"column":2},"end":{"line":43,"column":3}},{"start":{},"end":{}}],"line":31},"5":{"loc":{"start":{"line":46,"column":13},"end":{"line":46,"column":48}},"type":"cond-expr","locations":[{"start":{"line":46,"column":27},"end":{"line":46,"column":41}},{"start":{"line":46,"column":44},"end":{"line":46,"column":48}}],"line":46}},"s":{"0":0,"1":0,"2":0,"3":0,"4":0,"5":0,"6":0,"7":0,"8":0,"9":0},"f":{"0":0},"b":{"0":[0],"1":[0,0],"2":[0,0],"3":[0,0],"4":[0,0],"5":[0,0]},"inputSourceMap":null}
,"/Users/abhinavmishra/Desktop/Smart-Pothole-Detection-and-Reporting-System/apps/backend/src/modules/notifications/notification.controller.js": {"path":"/Users/abhinavmishra/Desktop/Smart-Pothole-Detection-and-Reporting-System/apps/backend/src/modules/notifications/notification.controller.js","statementMap":{},"fnMap":{},"branchMap":{},"s":{},"f":{},"b":{},"inputSourceMap":null}
,"/Users/abhinavmishra/Desktop/Smart-Pothole-Detection-and-Reporting-System/apps/backend/src/modules/notifications/notification.service.js": {"path":"/Users/abhinavmishra/Desktop/Smart-Pothole-Detection-and-Reporting-System/apps/backend/src/modules/notifications/notification.service.js","statementMap":{},"fnMap":{},"branchMap":{},"s":{},"f":{},"b":{},"inputSourceMap":null}
,"/Users/abhinavmishra/Desktop/Smart-Pothole-Detection-and-Reporting-System/apps/backend/src/modules/potholes/pothole.controller.js": {"path":"/Users/abhinavmishra/Desktop/Smart-Pothole-Detection-and-Reporting-System/apps/backend/src/modules/potholes/pothole.controller.js","statementMap":{"0":{"start":{"line":12,"column":38},"end":{"line":19,"column":2}},"1":{"start":{"line":13,"column":17},"end":{"line":13,"column":46}},"2":{"start":{"line":14,"column":2},"end":{"line":18,"column":5}},"3":{"start":{"line":26,"column":45},"end":{"line":47,"column":2}},"4":{"start":{"line":27,"column":24},"end":{"line":27,"column":34}},"5":{"start":{"line":28,"column":55},"end":{"line":28,"column":63}},"6":{"start":{"line":30,"column":2},"end":{"line":32,"column":3}},"7":{"start":{"line":31,"column":4},"end":{"line":31,"column":60}},"8":{"start":{"line":34,"column":25},"end":{"line":40,"column":4}},"9":{"start":{"line":42,"column":2},"end":{"line":46,"column":5}},"10":{"start":{"line":54,"column":40},"end":{"line":77,"column":2}},"11":{"start":{"line":55,"column":24},"end":{"line":55,"column":34}},"12":{"start":{"line":57,"column":18},"end":{"line":67,"column":4}},"13":{"start":{"line":69,"column":2},"end":{"line":71,"column":3}},"14":{"start":{"line":70,"column":4},"end":{"line":70,"column":71}},"15":{"start":{"line":73,"column":2},"end":{"line":76,"column":5}}},"fnMap":{"0":{"name":"(anonymous_0)","decl":{"start":{"line":12,"column":51},"end":{"line":12,"column":52}},"loc":{"start":{"line":12,"column":77},"end":{"line":19,"column":1}},"line":12},"1":{"name":"(anonymous_1)","decl":{"start":{"line":26,"column":58},"end":{"line":26,"column":59}},"loc":{"start":{"line":26,"column":84},"end":{"line":47,"column":1}},"line":26},"2":{"name":"(anonymous_2)","decl":{"start":{"line":54,"column":53},"end":{"line":54,"column":54}},"loc":{"start":{"line":54,"column":79},"end":{"line":77,"column":1}},"line":54}},"branchMap":{"0":{"loc":{"start":{"line":30,"column":2},"end":{"line":32,"column":3}},"type":"if","locations":[{"start":{"line":30,"column":2},"end":{"line":32,"column":3}},{"start":{},"end":{}}],"line":30},"1":{"loc":{"start":{"line":37,"column":17},"end":{"line":37,"column":36}},"type":"binary-expr","locations":[{"start":{"line":37,"column":17},"end":{"line":37,"column":28}},{"start":{"line":37,"column":32},"end":{"line":37,"column":36}}],"line":37},"2":{"loc":{"start":{"line":38,"column":12},"end":{"line":38,"column":26}},"type":"binary-expr","locations":[{"start":{"line":38,"column":12},"end":{"line":38,"column":18}},{"start":{"line":38,"column":22},"end":{"line":38,"column":26}}],"line":38},"3":{"loc":{"start":{"line":39,"column":17},"end":{"line":39,"column":36}},"type":"binary-expr","locations":[{"start":{"line":39,"column":17},"end":{"line":39,"column":28}},{"start":{"line":39,"column":32},"end":{"line":39,"column":36}}],"line":39},"4":{"loc":{"start":{"line":69,"column":2},"end":{"line":71,"column":3}},"type":"if","locations":[{"start":{"line":69,"column":2},"end":{"line":71,"column":3}},{"start":{},"end":{}}],"line":69}},"s":{"0":6,"1":3,"2":3,"3":6,"4":1,"5":1,"6":1,"7":0,"8":1,"9":0,"10":6,"11":0,"12":0,"13":0,"14":0,"15":0},"f":{"0":3,"1":1,"2":0},"b":{"0":[0,1],"1":[1,1],"2":[1,1],"3":[1,1],"4":[0,0]},"inputSourceMap":null,"_coverageSchema":"1a1c01bbd47fc00a2c39e90264f33305004495a9","hash":"937fb89e99e4f795239de2d7afa187af56739426"}
,"/Users/abhinavmishra/Desktop/Smart-Pothole-Detection-and-Reporting-System/apps/backend/src/modules/potholes/pothole.query.js": {"path":"/Users/abhinavmishra/Desktop/Smart-Pothole-Detection-and-Reporting-System/apps/backend/src/modules/potholes/pothole.query.js","statementMap":{"0":{"start":{"line":6,"column":39},"end":{"line":80,"column":1}},"1":{"start":{"line":8,"column":18},"end":{"line":8,"column":42}},"2":{"start":{"line":9,"column":15},"end":{"line":9,"column":60}},"3":{"start":{"line":11,"column":19},"end":{"line":11,"column":44}},"4":{"start":{"line":12,"column":14},"end":{"line":12,"column":63}},"5":{"start":{"line":13,"column":2},"end":{"line":13,"column":31}},"6":{"start":{"line":13,"column":19},"end":{"line":13,"column":31}},"7":{"start":{"line":15,"column":15},"end":{"line":15,"column":33}},"8":{"start":{"line":18,"column":16},"end":{"line":18,"column":18}},"9":{"start":{"line":20,"column":2},"end":{"line":25,"column":3}},"10":{"start":{"line":21,"column":26},"end":{"line":21,"column":101}},"11":{"start":{"line":22,"column":4},"end":{"line":24,"column":5}},"12":{"start":{"line":23,"column":6},"end":{"line":23,"column":48}},"13":{"start":{"line":27,"column":2},"end":{"line":32,"column":3}},"14":{"start":{"line":28,"column":28},"end":{"line":28,"column":65}},"15":{"start":{"line":29,"column":4},"end":{"line":31,"column":5}},"16":{"start":{"line":30,"column":6},"end":{"line":30,"column":52}},"17":{"start":{"line":34,"column":2},"end":{"line":36,"column":3}},"18":{"start":{"line":35,"column":4},"end":{"line":35,"column":50}},"19":{"start":{"line":39,"column":2},"end":{"line":55,"column":3}},"20":{"start":{"line":40,"column":4},"end":{"line":40,"column":25}},"21":{"start":{"line":41,"column":4},"end":{"line":47,"column":5}},"22":{"start":{"line":42,"column":20},"end":{"line":42,"column":45}},"23":{"start":{"line":43,"column":6},"end":{"line":46,"column":7}},"24":{"start":{"line":44,"column":8},"end":{"line":44,"column":35}},"25":{"start":{"line":45,"column":8},"end":{"line":45,"column":36}},"26":{"start":{"line":48,"column":4},"end":{"line":54,"column":5}},"27":{"start":{"line":49,"column":18},"end":{"line":49,"column":41}},"28":{"start":{"line":50,"column":6},"end":{"line":53,"column":7}},"29":{"start":{"line":51,"column":8},"end":{"line":51,"column":38}},"30":{"start":{"line":52,"column":8},"end":{"line":52,"column":34}},"31":{"start":{"line":58,"column":2},"end":{"line":64,"column":3}},"32":{"start":{"line":59,"column":23},"end":{"line":59,"column":42}},"33":{"start":{"line":60,"column":4},"end":{"line":63,"column":6}},"34":{"start":{"line":67,"column":26},"end":{"line":67,"column":61}},"35":{"start":{"line":68,"column":17},"end":{"line":68,"column":84}},"36":{"start":{"line":70,"column":20},"end":{"line":70,"column":95}},"37":{"start":{"line":71,"column":18},"end":{"line":71,"column":41}},"38":{"start":{"line":73,"column":2},"end":{"line":79,"column":4}}},"fnMap":{"0":{"name":"(anonymous_0)","decl":{"start":{"line":6,"column":39},"end":{"line":6,"column":40}},"loc":{"start":{"line":6,"column":50},"end":{"line":80,"column":1}},"line":6}},"branchMap":{"0":{"loc":{"start":{"line":9,"column":15},"end":{"line":9,"column":60}},"type":"cond-expr","locations":[{"start":{"line":9,"column":49},"end":{"line":9,"column":56}},{"start":{"line":9,"column":59},"end":{"line":9,"column":60}}],"line":9},"1":{"loc":{"start":{"line":9,"column":15},"end":{"line":9,"column":46}},"type":"binary-expr","locations":[{"start":{"line":9,"column":15},"end":{"line":9,"column":30}},{"start":{"line":9,"column":34},"end":{"line":9,"column":46}}],"line":9},"2":{"loc":{"start":{"line":12,"column":14},"end":{"line":12,"column":63}},"type":"cond-expr","locations":[{"start":{"line":12,"column":50},"end":{"line":12,"column":58}},{"start":{"line":12,"column":61},"end":{"line":12,"column":63}}],"line":12},"3":{"loc":{"start":{"line":12,"column":14},"end":{"line":12,"column":47}},"type":"binary-expr","locations":[{"start":{"line":12,"column":14},"end":{"line":12,"column":30}},{"start":{"line":12,"column":34},"end":{"line":12,"column":47}}],"line":12},"4":{"loc":{"start":{"line":13,"column":2},"end":{"line":13,"column":31}},"type":"if","locations":[{"start":{"line":13,"column":2},"end":{"line":13,"column":31}},{"start":{},"end":{}}],"line":13},"5":{"loc":{"start":{"line":20,"column":2},"end":{"line":25,"column":3}},"type":"if","locations":[{"start":{"line":20,"column":2},"end":{"line":25,"column":3}},{"start":{},"end":{}}],"line":20},"6":{"loc":{"start":{"line":22,"column":4},"end":{"line":24,"column":5}},"type":"if","locations":[{"start":{"line":22,"column":4},"end":{"line":24,"column":5}},{"start":{},"end":{}}],"line":22},"7":{"loc":{"start":{"line":27,"column":2},"end":{"line":32,"column":3}},"type":"if","locations":[{"start":{"line":27,"column":2},"end":{"line":32,"column":3}},{"start":{},"end":{}}],"line":27},"8":{"loc":{"start":{"line":29,"column":4},"end":{"line":31,"column":5}},"type":"if","locations":[{"start":{"line":29,"column":4},"end":{"line":31,"column":5}},{"start":{},"end":{}}],"line":29},"9":{"loc":{"start":{"line":34,"column":2},"end":{"line":36,"column":3}},"type":"if","locations":[{"start":{"line":34,"column":2},"end":{"line":36,"column":3}},{"start":{},"end":{}}],"line":34},"10":{"loc":{"start":{"line":39,"column":2},"end":{"line":55,"column":3}},"type":"if","locations":[{"start":{"line":39,"column":2},"end":{"line":55,"column":3}},{"start":{},"end":{}}],"line":39},"11":{"loc":{"start":{"line":39,"column":6},"end":{"line":39,"column":38}},"type":"binary-expr","locations":[{"start":{"line":39,"column":6},"end":{"line":39,"column":21}},{"start":{"line":39,"column":25},"end":{"line":39,"column":38}}],"line":39},"12":{"loc":{"start":{"line":41,"column":4},"end":{"line":47,"column":5}},"type":"if","locations":[{"start":{"line":41,"column":4},"end":{"line":47,"column":5}},{"start":{},"end":{}}],"line":41},"13":{"loc":{"start":{"line":43,"column":6},"end":{"line":46,"column":7}},"type":"if","locations":[{"start":{"line":43,"column":6},"end":{"line":46,"column":7}},{"start":{},"end":{}}],"line":43},"14":{"loc":{"start":{"line":48,"column":4},"end":{"line":54,"column":5}},"type":"if","locations":[{"start":{"line":48,"column":4},"end":{"line":54,"column":5}},{"start":{},"end":{}}],"line":48},"15":{"loc":{"start":{"line":50,"column":6},"end":{"line":53,"column":7}},"type":"if","locations":[{"start":{"line":50,"column":6},"end":{"line":53,"column":7}},{"start":{},"end":{}}],"line":50},"16":{"loc":{"start":{"line":58,"column":2},"end":{"line":64,"column":3}},"type":"if","locations":[{"start":{"line":58,"column":2},"end":{"line":64,"column":3}},{"start":{},"end":{}}],"line":58},"17":{"loc":{"start":{"line":58,"column":6},"end":{"line":58,"column":84}},"type":"binary-expr","locations":[{"start":{"line":58,"column":6},"end":{"line":58,"column":18}},{"start":{"line":58,"column":22},"end":{"line":58,"column":54}},{"start":{"line":58,"column":58},"end":{"line":58,"column":84}}],"line":58},"18":{"loc":{"start":{"line":68,"column":17},"end":{"line":68,"column":84}},"type":"cond-expr","locations":[{"start":{"line":68,"column":58},"end":{"line":68,"column":70}},{"start":{"line":68,"column":73},"end":{"line":68,"column":84}}],"line":68},"19":{"loc":{"start":{"line":70,"column":20},"end":{"line":70,"column":95}},"type":"cond-expr","locations":[{"start":{"line":70,"column":81},"end":{"line":70,"column":86}},{"start":{"line":70,"column":89},"end":{"line":70,"column":95}}],"line":70},"20":{"loc":{"start":{"line":70,"column":20},"end":{"line":70,"column":78}},"type":"binary-expr","locations":[{"start":{"line":70,"column":20},"end":{"line":70,"column":35}},{"start":{"line":70,"column":39},"end":{"line":70,"column":78}}],"line":70}},"s":{"0":6,"1":3,"2":3,"3":3,"4":3,"5":3,"6":1,"7":3,"8":3,"9":3,"10":1,"11":1,"12":1,"13":3,"14":1,"15":1,"16":1,"17":3,"18":0,"19":3,"20":0,"21":0,"22":0,"23":0,"24":0,"25":0,"26":0,"27":0,"28":0,"29":0,"30":0,"31":3,"32":0,"33":0,"34":3,"35":3,"36":3,"37":3,"38":3},"f":{"0":3},"b":{"0":[1,2],"1":[3,1],"2":[2,1],"3":[3,2],"4":[1,2],"5":[1,2],"6":[1,0],"7":[1,2],"8":[1,0],"9":[0,3],"10":[0,3],"11":[3,3],"12":[0,0],"13":[0,0],"14":[0,0],"15":[0,0],"16":[0,3],"17":[3,0,0],"18":[0,3],"19":[0,3],"20":[3,0]},"inputSourceMap":null,"_coverageSchema":"1a1c01bbd47fc00a2c39e90264f33305004495a9","hash":"c4a4e404eecbc80d47fb764d62ecfa997553971b"}
,"/Users/abhinavmishra/Desktop/Smart-Pothole-Detection-and-Reporting-System/apps/backend/src/modules/potholes/pothole.routes.js": {"path":"/Users/abhinavmishra/Desktop/Smart-Pothole-Detection-and-Reporting-System/apps/backend/src/modules/potholes/pothole.routes.js","statementMap":{"0":{"start":{"line":8,"column":15},"end":{"line":8,"column":23}},"1":{"start":{"line":11,"column":0},"end":{"line":11,"column":40}},"2":{"start":{"line":14,"column":0},"end":{"line":14,"column":52}},"3":{"start":{"line":17,"column":0},"end":{"line":23,"column":2}}},"fnMap":{},"branchMap":{},"s":{"0":6,"1":6,"2":6,"3":6},"f":{},"b":{},"inputSourceMap":null,"_coverageSchema":"1a1c01bbd47fc00a2c39e90264f33305004495a9","hash":"a954625b8f8fd134d1c133ec2558b7c3dd4986b3"}
,"/Users/abhinavmishra/Desktop/Smart-Pothole-Detection-and-Reporting-System/apps/backend/src/modules/potholes/pothole.validation.js": {"path":"/Users/abhinavmishra/Desktop/Smart-Pothole-Detection-and-Reporting-System/apps/backend/src/modules/potholes/pothole.validation.js","statementMap":{},"fnMap":{},"branchMap":{},"s":{},"f":{},"b":{},"inputSourceMap":null}
,"/Users/abhinavmishra/Desktop/Smart-Pothole-Detection-and-Reporting-System/apps/backend/src/modules/potholes/pothole.validator.js": {"path":"/Users/abhinavmishra/Desktop/Smart-Pothole-Detection-and-Reporting-System/apps/backend/src/modules/potholes/pothole.validator.js","statementMap":{"0":{"start":{"line":3,"column":34},"end":{"line":10,"column":2}},"1":{"start":{"line":6,"column":23},"end":{"line":6,"column":66}}},"fnMap":{"0":{"name":"(anonymous_0)","decl":{"start":{"line":6,"column":16},"end":{"line":6,"column":17}},"loc":{"start":{"line":6,"column":23},"end":{"line":6,"column":66}},"line":6}},"branchMap":{},"s":{"0":6,"1":0},"f":{"0":0},"b":{},"inputSourceMap":null,"_coverageSchema":"1a1c01bbd47fc00a2c39e90264f33305004495a9","hash":"4b9a99c87e96da40a5bb9703de0badb6aee7c984"}
,"/Users/abhinavmishra/Desktop/Smart-Pothole-Detection-and-Reporting-System/apps/backend/src/modules/reports/report.controller.js": {"path":"/Users/abhinavmishra/Desktop/Smart-Pothole-Detection-and-Reporting-System/apps/backend/src/modules/reports/report.controller.js","statementMap":{},"fnMap":{},"branchMap":{},"s":{},"f":{},"b":{},"inputSourceMap":null}
,"/Users/abhinavmishra/Desktop/Smart-Pothole-Detection-and-Reporting-System/apps/backend/src/modules/reports/report.routes.js": {"path":"/Users/abhinavmishra/Desktop/Smart-Pothole-Detection-and-Reporting-System/apps/backend/src/modules/reports/report.routes.js","statementMap":{},"fnMap":{},"branchMap":{},"s":{},"f":{},"b":{},"inputSourceMap":null}
,"/Users/abhinavmishra/Desktop/Smart-Pothole-Detection-and-Reporting-System/apps/backend/src/modules/reports/report.service.js": {"path":"/Users/abhinavmishra/Desktop/Smart-Pothole-Detection-and-Reporting-System/apps/backend/src/modules/reports/report.service.js","statementMap":{},"fnMap":{},"branchMap":{},"s":{},"f":{},"b":{},"inputSourceMap":null}
,"/Users/abhinavmishra/Desktop/Smart-Pothole-Detection-and-Reporting-System/apps/backend/src/modules/users/user.controller.js": {"path":"/Users/abhinavmishra/Desktop/Smart-Pothole-Detection-and-Reporting-System/apps/backend/src/modules/users/user.controller.js","statementMap":{},"fnMap":{},"branchMap":{},"s":{},"f":{},"b":{},"inputSourceMap":null}
,"/Users/abhinavmishra/Desktop/Smart-Pothole-Detection-and-Reporting-System/apps/backend/src/modules/users/user.routes.js": {"path":"/Users/abhinavmishra/Desktop/Smart-Pothole-Detection-and-Reporting-System/apps/backend/src/modules/users/user.routes.js","statementMap":{},"fnMap":{},"branchMap":{},"s":{},"f":{},"b":{},"inputSourceMap":null}
,"/Users/abhinavmishra/Desktop/Smart-Pothole-Detection-and-Reporting-System/apps/backend/src/modules/users/user.service.js": {"path":"/Users/abhinavmishra/Desktop/Smart-Pothole-Detection-and-Reporting-System/apps/backend/src/modules/users/user.service.js","statementMap":{},"fnMap":{},"branchMap":{},"s":{},"f":{},"b":{},"inputSourceMap":null}
,"/Users/abhinavmishra/Desktop/Smart-Pothole-Detection-and-Reporting-System/apps/backend/src/routes/index.js": {"path":"/Users/abhinavmishra/Desktop/Smart-Pothole-Detection-and-Reporting-System/apps/backend/src/routes/index.js","statementMap":{"0":{"start":{"line":7,"column":15},"end":{"line":7,"column":23}},"1":{"start":{"line":9,"column":0},"end":{"line":15,"column":3}},"2":{"start":{"line":10,"column":2},"end":{"line":14,"column":5}},"3":{"start":{"line":17,"column":0},"end":{"line":17,"column":32}},"4":{"start":{"line":18,"column":0},"end":{"line":18,"column":34}},"5":{"start":{"line":19,"column":0},"end":{"line":19,"column":39}},"6":{"start":{"line":20,"column":0},"end":{"line":20,"column":42}}},"fnMap":{"0":{"name":"(anonymous_0)","decl":{"start":{"line":9,"column":22},"end":{"line":9,"column":23}},"loc":{"start":{"line":9,"column":36},"end":{"line":15,"column":1}},"line":9}},"branchMap":{},"s":{"0":6,"1":6,"2":3,"3":6,"4":6,"5":6,"6":6},"f":{"0":3},"b":{},"inputSourceMap":null,"_coverageSchema":"1a1c01bbd47fc00a2c39e90264f33305004495a9","hash":"4756a7a99f52dd2fb346d0186c76ea46f6d71ef6"}
,"/Users/abhinavmishra/Desktop/Smart-Pothole-Detection-and-Reporting-System/apps/backend/src/services/ai.service.js": {"path":"/Users/abhinavmishra/Desktop/Smart-Pothole-Detection-and-Reporting-System/apps/backend/src/services/ai.service.js","statementMap":{"0":{"start":{"line":9,"column":20},"end":{"line":13,"column":1}},"1":{"start":{"line":10,"column":2},"end":{"line":12,"column":5}},"2":{"start":{"line":19,"column":29},"end":{"line":33,"column":1}},"3":{"start":{"line":20,"column":2},"end":{"line":32,"column":3}},"4":{"start":{"line":21,"column":21},"end":{"line":21,"column":34}},"5":{"start":{"line":22,"column":21},"end":{"line":22,"column":69}},"6":{"start":{"line":23,"column":4},"end":{"line":23,"column":25}},"7":{"start":{"line":25,"column":4},"end":{"line":27,"column":5}},"8":{"start":{"line":26,"column":6},"end":{"line":26,"column":67}},"9":{"start":{"line":28,"column":4},"end":{"line":30,"column":5}},"10":{"start":{"line":29,"column":6},"end":{"line":29,"column":59}},"11":{"start":{"line":31,"column":4},"end":{"line":31,"column":99}},"12":{"start":{"line":42,"column":31},"end":{"line":71,"column":1}},"13":{"start":{"line":43,"column":2},"end":{"line":70,"column":3}},"14":{"start":{"line":44,"column":21},"end":{"line":44,"column":34}},"15":{"start":{"line":45,"column":17},"end":{"line":45,"column":31}},"16":{"start":{"line":46,"column":4},"end":{"line":49,"column":7}},"17":{"start":{"line":51,"column":21},"end":{"line":54,"column":6}},"18":{"start":{"line":56,"column":4},"end":{"line":56,"column":25}},"19":{"start":{"line":58,"column":4},"end":{"line":60,"column":5}},"20":{"start":{"line":59,"column":6},"end":{"line":59,"column":70}},"21":{"start":{"line":61,"column":4},"end":{"line":63,"column":5}},"22":{"start":{"line":62,"column":6},"end":{"line":62,"column":59}},"23":{"start":{"line":64,"column":4},"end":{"line":68,"column":5}},"24":{"start":{"line":65,"column":24},"end":{"line":65,"column":51}},"25":{"start":{"line":66,"column":21},"end":{"line":66,"column":90}},"26":{"start":{"line":67,"column":6},"end":{"line":67,"column":68}},"27":{"start":{"line":69,"column":4},"end":{"line":69,"column":83}},"28":{"start":{"line":80,"column":31},"end":{"line":109,"column":1}},"29":{"start":{"line":81,"column":2},"end":{"line":108,"column":3}},"30":{"start":{"line":82,"column":21},"end":{"line":82,"column":34}},"31":{"start":{"line":83,"column":17},"end":{"line":83,"column":31}},"32":{"start":{"line":84,"column":4},"end":{"line":87,"column":7}},"33":{"start":{"line":89,"column":21},"end":{"line":92,"column":6}},"34":{"start":{"line":94,"column":4},"end":{"line":94,"column":25}},"35":{"start":{"line":96,"column":4},"end":{"line":98,"column":5}},"36":{"start":{"line":97,"column":6},"end":{"line":97,"column":70}},"37":{"start":{"line":99,"column":4},"end":{"line":101,"column":5}},"38":{"start":{"line":100,"column":6},"end":{"line":100,"column":59}},"39":{"start":{"line":102,"column":4},"end":{"line":106,"column":5}},"40":{"start":{"line":103,"column":24},"end":{"line":103,"column":51}},"41":{"start":{"line":104,"column":21},"end":{"line":104,"column":90}},"42":{"start":{"line":105,"column":6},"end":{"line":105,"column":68}},"43":{"start":{"line":107,"column":4},"end":{"line":107,"column":83}}},"fnMap":{"0":{"name":"(anonymous_0)","decl":{"start":{"line":9,"column":20},"end":{"line":9,"column":21}},"loc":{"start":{"line":9,"column":26},"end":{"line":13,"column":1}},"line":9},"1":{"name":"(anonymous_1)","decl":{"start":{"line":19,"column":29},"end":{"line":19,"column":30}},"loc":{"start":{"line":19,"column":41},"end":{"line":33,"column":1}},"line":19},"2":{"name":"(anonymous_2)","decl":{"start":{"line":42,"column":31},"end":{"line":42,"column":32}},"loc":{"start":{"line":42,"column":88},"end":{"line":71,"column":1}},"line":42},"3":{"name":"(anonymous_3)","decl":{"start":{"line":80,"column":31},"end":{"line":80,"column":32}},"loc":{"start":{"line":80,"column":87},"end":{"line":109,"column":1}},"line":80}},"branchMap":{"0":{"loc":{"start":{"line":11,"column":13},"end":{"line":11,"column":61}},"type":"binary-expr","locations":[{"start":{"line":11,"column":13},"end":{"line":11,"column":39}},{"start":{"line":11,"column":43},"end":{"line":11,"column":61}}],"line":11},"1":{"loc":{"start":{"line":25,"column":4},"end":{"line":27,"column":5}},"type":"if","locations":[{"start":{"line":25,"column":4},"end":{"line":27,"column":5}},{"start":{},"end":{}}],"line":25},"2":{"loc":{"start":{"line":25,"column":8},"end":{"line":25,"column":67}},"type":"binary-expr","locations":[{"start":{"line":25,"column":8},"end":{"line":25,"column":37}},{"start":{"line":25,"column":41},"end":{"line":25,"column":67}}],"line":25},"3":{"loc":{"start":{"line":28,"column":4},"end":{"line":30,"column":5}},"type":"if","locations":[{"start":{"line":28,"column":4},"end":{"line":30,"column":5}},{"start":{},"end":{}}],"line":28},"4":{"loc":{"start":{"line":28,"column":8},"end":{"line":28,"column":56}},"type":"binary-expr","locations":[{"start":{"line":28,"column":8},"end":{"line":28,"column":37}},{"start":{"line":28,"column":41},"end":{"line":28,"column":56}}],"line":28},"5":{"loc":{"start":{"line":31,"column":68},"end":{"line":31,"column":97}},"type":"binary-expr","locations":[{"start":{"line":31,"column":68},"end":{"line":31,"column":90}},{"start":{"line":31,"column":94},"end":{"line":31,"column":97}}],"line":31},"6":{"loc":{"start":{"line":42,"column":60},"end":{"line":42,"column":83}},"type":"default-arg","locations":[{"start":{"line":42,"column":71},"end":{"line":42,"column":83}}],"line":42},"7":{"loc":{"start":{"line":58,"column":4},"end":{"line":60,"column":5}},"type":"if","locations":[{"start":{"line":58,"column":4},"end":{"line":60,"column":5}},{"start":{},"end":{}}],"line":58},"8":{"loc":{"start":{"line":58,"column":8},"end":{"line":58,"column":67}},"type":"binary-expr","locations":[{"start":{"line":58,"column":8},"end":{"line":58,"column":37}},{"start":{"line":58,"column":41},"end":{"line":58,"column":67}}],"line":58},"9":{"loc":{"start":{"line":61,"column":4},"end":{"line":63,"column":5}},"type":"if","locations":[{"start":{"line":61,"column":4},"end":{"line":63,"column":5}},{"start":{},"end":{}}],"line":61},"10":{"loc":{"start":{"line":61,"column":8},"end":{"line":61,"column":56}},"type":"binary-expr","locations":[{"start":{"line":61,"column":8},"end":{"line":61,"column":37}},{"start":{"line":61,"column":41},"end":{"line":61,"column":56}}],"line":61},"11":{"loc":{"start":{"line":64,"column":4},"end":{"line":68,"column":5}},"type":"if","locations":[{"start":{"line":64,"column":4},"end":{"line":68,"column":5}},{"start":{},"end":{}}],"line":64},"12":{"loc":{"start":{"line":64,"column":8},"end":{"line":64,"column":69}},"type":"binary-expr","locations":[{"start":{"line":64,"column":8},"end":{"line":64,"column":37}},{"start":{"line":64,"column":41},"end":{"line":64,"column":69}}],"line":64},"13":{"loc":{"start":{"line":66,"column":21},"end":{"line":66,"column":90}},"type":"cond-expr","locations":[{"start":{"line":66,"column":53},"end":{"line":66,"column":62}},{"start":{"line":66,"column":65},"end":{"line":66,"column":90}}],"line":66},"14":{"loc":{"start":{"line":80,"column":60},"end":{"line":80,"column":82}},"type":"default-arg","locations":[{"start":{"line":80,"column":71},"end":{"line":80,"column":82}}],"line":80},"15":{"loc":{"start":{"line":96,"column":4},"end":{"line":98,"column":5}},"type":"if","locations":[{"start":{"line":96,"column":4},"end":{"line":98,"column":5}},{"start":{},"end":{}}],"line":96},"16":{"loc":{"start":{"line":96,"column":8},"end":{"line":96,"column":67}},"type":"binary-expr","locations":[{"start":{"line":96,"column":8},"end":{"line":96,"column":37}},{"start":{"line":96,"column":41},"end":{"line":96,"column":67}}],"line":96},"17":{"loc":{"start":{"line":99,"column":4},"end":{"line":101,"column":5}},"type":"if","locations":[{"start":{"line":99,"column":4},"end":{"line":101,"column":5}},{"start":{},"end":{}}],"line":99},"18":{"loc":{"start":{"line":99,"column":8},"end":{"line":99,"column":56}},"type":"binary-expr","locations":[{"start":{"line":99,"column":8},"end":{"line":99,"column":37}},{"start":{"line":99,"column":41},"end":{"line":99,"column":56}}],"line":99},"19":{"loc":{"start":{"line":102,"column":4},"end":{"line":106,"column":5}},"type":"if","locations":[{"start":{"line":102,"column":4},"end":{"line":106,"column":5}},{"start":{},"end":{}}],"line":102},"20":{"loc":{"start":{"line":102,"column":8},"end":{"line":102,"column":69}},"type":"binary-expr","locations":[{"start":{"line":102,"column":8},"end":{"line":102,"column":37}},{"start":{"line":102,"column":41},"end":{"line":102,"column":69}}],"line":102},"21":{"loc":{"start":{"line":104,"column":21},"end":{"line":104,"column":90}},"type":"cond-expr","locations":[{"start":{"line":104,"column":53},"end":{"line":104,"column":62}},{"start":{"line":104,"column":65},"end":{"line":104,"column":90}}],"line":104}},"s":{"0":6,"1":0,"2":6,"3":0,"4":0,"5":0,"6":0,"7":0,"8":0,"9":0,"10":0,"11":0,"12":6,"13":0,"14":0,"15":0,"16":0,"17":0,"18":0,"19":0,"20":0,"21":0,"22":0,"23":0,"24":0,"25":0,"26":0,"27":0,"28":6,"29":0,"30":0,"31":0,"32":0,"33":0,"34":0,"35":0,"36":0,"37":0,"38":0,"39":0,"40":0,"41":0,"42":0,"43":0},"f":{"0":0,"1":0,"2":0,"3":0},"b":{"0":[0,0],"1":[0,0],"2":[0,0],"3":[0,0],"4":[0,0],"5":[0,0],"6":[0],"7":[0,0],"8":[0,0],"9":[0,0],"10":[0,0],"11":[0,0],"12":[0,0],"13":[0,0],"14":[0],"15":[0,0],"16":[0,0],"17":[0,0],"18":[0,0],"19":[0,0],"20":[0,0],"21":[0,0]},"inputSourceMap":null,"_coverageSchema":"1a1c01bbd47fc00a2c39e90264f33305004495a9","hash":"4881b094143fc1ff2608e479700f25a7e355d10b"}
,"/Users/abhinavmishra/Desktop/Smart-Pothole-Detection-and-Reporting-System/apps/backend/src/services/authority.service.js": {"path":"/Users/abhinavmishra/Desktop/Smart-Pothole-Detection-and-Reporting-System/apps/backend/src/services/authority.service.js","statementMap":{"0":{"start":{"line":6,"column":26},"end":{"line":20,"column":1}},"1":{"start":{"line":7,"column":12},"end":{"line":7,"column":16}},"2":{"start":{"line":8,"column":15},"end":{"line":8,"column":46}},"3":{"start":{"line":9,"column":15},"end":{"line":9,"column":46}},"4":{"start":{"line":12,"column":4},"end":{"line":16,"column":24}},"5":{"start":{"line":18,"column":12},"end":{"line":18,"column":58}},"6":{"start":{"line":19,"column":2},"end":{"line":19,"column":15}},"7":{"start":{"line":28,"column":36},"end":{"line":45,"column":1}},"8":{"start":{"line":29,"column":2},"end":{"line":44,"column":3}},"9":{"start":{"line":30,"column":24},"end":{"line":32,"column":6}},"10":{"start":{"line":34,"column":4},"end":{"line":36,"column":5}},"11":{"start":{"line":35,"column":6},"end":{"line":35,"column":18}},"12":{"start":{"line":40,"column":4},"end":{"line":40,"column":29}},"13":{"start":{"line":42,"column":4},"end":{"line":42,"column":61}},"14":{"start":{"line":43,"column":4},"end":{"line":43,"column":16}}},"fnMap":{"0":{"name":"(anonymous_0)","decl":{"start":{"line":6,"column":26},"end":{"line":6,"column":27}},"loc":{"start":{"line":6,"column":54},"end":{"line":20,"column":1}},"line":6},"1":{"name":"(anonymous_1)","decl":{"start":{"line":28,"column":36},"end":{"line":28,"column":37}},"loc":{"start":{"line":28,"column":67},"end":{"line":45,"column":1}},"line":28}},"branchMap":{"0":{"loc":{"start":{"line":34,"column":4},"end":{"line":36,"column":5}},"type":"if","locations":[{"start":{"line":34,"column":4},"end":{"line":36,"column":5}},{"start":{},"end":{}}],"line":34},"1":{"loc":{"start":{"line":34,"column":8},"end":{"line":34,"column":48}},"type":"binary-expr","locations":[{"start":{"line":34,"column":8},"end":{"line":34,"column":20}},{"start":{"line":34,"column":24},"end":{"line":34,"column":48}}],"line":34}},"s":{"0":6,"1":0,"2":0,"3":0,"4":0,"5":0,"6":0,"7":6,"8":0,"9":0,"10":0,"11":0,"12":0,"13":0,"14":0},"f":{"0":0,"1":0},"b":{"0":[0,0],"1":[0,0]},"inputSourceMap":null,"_coverageSchema":"1a1c01bbd47fc00a2c39e90264f33305004495a9","hash":"027f3d474c3d6e2bf5b7428af93428abcf4a589e"}
[...]
:70}},"7":{"start":{"line":36,"column":2},"end":{"line":43,"column":3}},"8":{"start":{"line":37,"column":4},"end":{"line":42,"column":6}},"9":{"start":{"line":46,"column":28},"end":{"line":46,"column":47}},"10":{"start":{"line":47,"column":2},"end":{"line":59,"column":3}},"11":{"start":{"line":48,"column":25},"end":{"line":48,"column":59}},"12":{"start":{"line":49,"column":4},"end":{"line":51,"column":5}},"13":{"start":{"line":50,"column":6},"end":{"line":50,"column":98}},"14":{"start":{"line":52,"column":28},"end":{"line":54,"column":6}},"15":{"start":{"line":55,"column":4},"end":{"line":57,"column":5}},"16":{"start":{"line":56,"column":6},"end":{"line":56,"column":78}},"17":{"start":{"line":58,"column":4},"end":{"line":58,"column":39}},"18":{"start":{"line":62,"column":25},"end":{"line":100,"column":3}},"19":{"start":{"line":65,"column":6},"end":{"line":71,"column":9}},"20":{"start":{"line":74,"column":6},"end":{"line":82,"column":9}},"21":{"start":{"line":84,"column":6},"end":{"line":94,"column":9}},"22":{"start":{"line":102,"column":2},"end":{"line":102,"column":24}}},"fnMap":{"0":{"name":"(anonymous_0)","decl":{"start":{"line":22,"column":35},"end":{"line":22,"column":36}},"loc":{"start":{"line":22,"column":126},"end":{"line":103,"column":1}},"line":22},"1":{"name":"(anonymous_1)","decl":{"start":{"line":63,"column":4},"end":{"line":63,"column":5}},"loc":{"start":{"line":63,"column":18},"end":{"line":95,"column":5}},"line":63}},"branchMap":{"0":{"loc":{"start":{"line":22,"column":66},"end":{"line":22,"column":84}},"type":"default-arg","locations":[{"start":{"line":22,"column":80},"end":{"line":22,"column":84}}],"line":22},"1":{"loc":{"start":{"line":22,"column":86},"end":{"line":22,"column":99}},"type":"default-arg","locations":[{"start":{"line":22,"column":95},"end":{"line":22,"column":99}}],"line":22},"2":{"loc":{"start":{"line":22,"column":101},"end":{"line":22,"column":119}},"type":"default-arg","locations":[{"start":{"line":22,"column":115},"end":{"line":22,"column":119}}],"line":22},"3":{"loc":{"start":{"line":28,"column":2},"end":{"line":30,"column":3}},"type":"if","locations":[{"start":{"line":28,"column":2},"end":{"line":30,"column":3}},{"start":{},"end":{}}],"line":28},"4":{"loc":{"start":{"line":35,"column":30},"end":{"line":35,"column":70}},"type":"binary-expr","locations":[{"start":{"line":35,"column":30},"end":{"line":35,"column":64}},{"start":{"line":35,"column":68},"end":{"line":35,"column":70}}],"line":35},"5":{"loc":{"start":{"line":36,"column":2},"end":{"line":43,"column":3}},"type":"if","locations":[{"start":{"line":36,"column":2},"end":{"line":43,"column":3}},{"start":{},"end":{}}],"line":36},"6":{"loc":{"start":{"line":39,"column":8},"end":{"line":39,"column":97}},"type":"cond-expr","locations":[{"start":{"line":39,"column":41},"end":{"line":39,"column":71}},{"start":{"line":39,"column":74},"end":{"line":39,"column":97}}],"line":39},"7":{"loc":{"start":{"line":47,"column":2},"end":{"line":59,"column":3}},"type":"if","locations":[{"start":{"line":47,"column":2},"end":{"line":59,"column":3}},{"start":{},"end":{}}],"line":47},"8":{"loc":{"start":{"line":48,"column":25},"end":{"line":48,"column":59}},"type":"binary-expr","locations":[{"start":{"line":48,"column":25},"end":{"line":48,"column":36}},{"start":{"line":48,"column":40},"end":{"line":48,"column":59}}],"line":48},"9":{"loc":{"start":{"line":49,"column":4},"end":{"line":51,"column":5}},"type":"if","locations":[{"start":{"line":49,"column":4},"end":{"line":51,"column":5}},{"start":{},"end":{}}],"line":49},"10":{"loc":{"start":{"line":55,"column":4},"end":{"line":57,"column":5}},"type":"if","locations":[{"start":{"line":55,"column":4},"end":{"line":57,"column":5}},{"start":{},"end":{}}],"line":55},"11":{"loc":{"start":{"line":69,"column":23},"end":{"line":69,"column":55}},"type":"binary-expr","locations":[{"start":{"line":69,"column":23},"end":{"line":69,"column":42}},{"start":{"line":69,"column":46},"end":{"line":69,"column":55}}],"line":69},"12":{"loc":{"start":{"line":79,"column":23},"end":{"line":79,"column":47}},"type":"binary-expr","locations":[{"start":{"line":79,"column":23},"end":{"line":79,"column":34}},{"start":{"line":79,"column":38},"end":{"line":79,"column":47}}],"line":79},"13":{"loc":{"start":{"line":80,"column":18},"end":{"line":80,"column":37}},"type":"binary-expr","locations":[{"start":{"line":80,"column":18},"end":{"line":80,"column":24}},{"start":{"line":80,"column":28},"end":{"line":80,"column":37}}],"line":80}},"s":{"0":6,"1":6,"2":1,"3":1,"4":1,"5":0,"6":0,"7":0,"8":0,"9":0,"10":0,"11":0,"12":0,"13":0,"14":0,"15":0,"16":0,"17":0,"18":0,"19":0,"20":0,"21":0,"22":0},"f":{"0":1,"1":0},"b":{"0":[0],"1":[0],"2":[0],"3":[1,0],"4":[0,0],"5":[0,0],"6":[0,0],"7":[0,0],"8":[0,0],"9":[0,0],"10":[0,0],"11":[0,0],"12":[0,0],"13":[0,0]},"inputSourceMap":null,"_coverageSchema":"1a1c01bbd47fc00a2c39e90264f33305004495a9","hash":"dfb5cace77fc9075d103ebbac73410b8015d792c"}
,"/Users/abhinavmishra/Desktop/Smart-Pothole-Detection-and-Reporting-System/apps/backend/src/services/severity.service.js": {"path":"/Users/abhinavmishra/Desktop/Smart-Pothole-Detection-and-Reporting-System/apps/backend/src/services/severity.service.js","statementMap":{"0":{"start":{"line":6,"column":33},"end":{"line":53,"column":1}},"1":{"start":{"line":7,"column":2},"end":{"line":9,"column":3}},"2":{"start":{"line":8,"column":4},"end":{"line":8,"column":49}},"3":{"start":{"line":11,"column":21},"end":{"line":11,"column":22}},"4":{"start":{"line":12,"column":22},"end":{"line":12,"column":23}},"5":{"start":{"line":14,"column":2},"end":{"line":33,"column":3}},"6":{"start":{"line":15,"column":4},"end":{"line":17,"column":5}},"7":{"start":{"line":16,"column":6},"end":{"line":16,"column":37}},"8":{"start":{"line":19,"column":4},"end":{"line":32,"column":5}},"9":{"start":{"line":21,"column":20},"end":{"line":21,"column":55}},"10":{"start":{"line":22,"column":21},"end":{"line":22,"column":56}},"11":{"start":{"line":23,"column":19},"end":{"line":23,"column":33}},"12":{"start":{"line":26,"column":24},"end":{"line":26,"column":33}},"13":{"start":{"line":27,"column":20},"end":{"line":27,"column":36}},"14":{"start":{"line":29,"column":6},"end":{"line":31,"column":7}},"15":{"start":{"line":30,"column":8},"end":{"line":30,"column":29}},"16":{"start":{"line":36,"column":17},"end":{"line":36,"column":22}},"17":{"start":{"line":37,"column":2},"end":{"line":43,"column":3}},"18":{"start":{"line":38,"column":4},"end":{"line":38,"column":26}},"19":{"start":{"line":39,"column":9},"end":{"line":43,"column":3}},"20":{"start":{"line":40,"column":4},"end":{"line":40,"column":22}},"21":{"start":{"line":41,"column":9},"end":{"line":43,"column":3}},"22":{"start":{"line":42,"column":4},"end":{"line":42,"column":24}},"23":{"start":{"line":46,"column":2},"end":{"line":50,"column":3}},"24":{"start":{"line":47,"column":4},"end":{"line":49,"column":56}},"25":{"start":{"line":47,"column":28},"end":{"line":47,"column":48}},"26":{"start":{"line":48,"column":9},"end":{"line":49,"column":56}},"27":{"start":{"line":48,"column":36},"end":{"line":48,"column":54}},"28":{"start":{"line":49,"column":9},"end":{"line":49,"column":56}},"29":{"start":{"line":49,"column":34},"end":{"line":49,"column":56}},"30":{"start":{"line":52,"column":2},"end":{"line":52,"column":37}}},"fnMap":{"0":{"name":"(anonymous_0)","decl":{"start":{"line":6,"column":33},"end":{"line":6,"column":34}},"loc":{"start":{"line":6,"column":54},"end":{"line":53,"column":1}},"line":6}},"branchMap":{"0":{"loc":{"start":{"line":6,"column":34},"end":{"line":6,"column":49}},"type":"default-arg","locations":[{"start":{"line":6,"column":47},"end":{"line":6,"column":49}}],"line":6},"1":{"loc":{"start":{"line":7,"column":2},"end":{"line":9,"column":3}},"type":"if","locations":[{"start":{"line":7,"column":2},"end":{"line":9,"column":3}},{"start":{},"end":{}}],"line":7},"2":{"loc":{"start":{"line":7,"column":6},"end":{"line":7,"column":44}},"type":"binary-expr","locations":[{"start":{"line":7,"column":6},"end":{"line":7,"column":17}},{"start":{"line":7,"column":21},"end":{"line":7,"column":44}}],"line":7},"3":{"loc":{"start":{"line":15,"column":4},"end":{"line":17,"column":5}},"type":"if","locations":[{"start":{"line":15,"column":4},"end":{"line":17,"column":5}},{"start":{},"end":{}}],"line":15},"4":{"loc":{"start":{"line":19,"column":4},"end":{"line":32,"column":5}},"type":"if","locations":[{"start":{"line":19,"column":4},"end":{"line":32,"column":5}},{"start":{},"end":{}}],"line":19},"5":{"loc":{"start":{"line":19,"column":8},"end":{"line":20,"column":74}},"type":"binary-expr","locations":[{"start":{"line":19,"column":8},"end":{"line":19,"column":16}},{"start":{"line":19,"column":20},"end":{"line":19,"column":51}},{"start":{"line":19,"column":55},"end":{"line":19,"column":86}},{"start":{"line":20,"column":8},"end":{"line":20,"column":39}},{"start":{"line":20,"column":43},"end":{"line":20,"column":74}}],"line":19},"6":{"loc":{"start":{"line":29,"column":6},"end":{"line":31,"column":7}},"type":"if","locations":[{"start":{"line":29,"column":6},"end":{"line":31,"column":7}},{"start":{},"end":{}}],"line":29},"7":{"loc":{"start":{"line":37,"column":2},"end":{"line":43,"column":3}},"type":"if","locations":[{"start":{"line":37,"column":2},"end":{"line":43,"column":3}},{"start":{"line":39,"column":9},"end":{"line":43,"column":3}}],"line":37},"8":{"loc":{"start":{"line":39,"column":9},"end":{"line":43,"column":3}},"type":"if","locations":[{"start":{"line":39,"column":9},"end":{"line":43,"column":3}},{"start":{"line":41,"column":9},"end":{"line":43,"column":3}}],"line":39},"9":{"loc":{"start":{"line":41,"column":9},"end":{"line":43,"column":3}},"type":"if","locations":[{"start":{"line":41,"column":9},"end":{"line":43,"column":3}},{"start":{},"end":{}}],"line":41},"10":{"loc":{"start":{"line":46,"column":2},"end":{"line":50,"column":3}},"type":"if","locations":[{"start":{"line":46,"column":2},"end":{"line":50,"column":3}},{"start":{},"end":{}}],"line":46},"11":{"loc":{"start":{"line":47,"column":4},"end":{"line":49,"column":56}},"type":"if","locations":[{"start":{"line":47,"column":4},"end":{"line":49,"column":56}},{"start":{"line":48,"column":9},"end":{"line":49,"column":56}}],"line":47},"12":{"loc":{"start":{"line":48,"column":9},"end":{"line":49,"column":56}},"type":"if","locations":[{"start":{"line":48,"column":9},"end":{"line":49,"column":56}},{"start":{"line":49,"column":9},"end":{"line":49,"column":56}}],"line":48},"13":{"loc":{"start":{"line":49,"column":9},"end":{"line":49,"column":56}},"type":"if","locations":[{"start":{"line":49,"column":9},"end":{"line":49,"column":56}},{"start":{},"end":{}}],"line":49}},"s":{"0":6,"1":0,"2":0,"3":0,"4":0,"5":0,"6":0,"7":0,"8":0,"9":0,"10":0,"11":0,"12":0,"13":0,"14":0,"15":0,"16":0,"17":0,"18":0,"19":0,"20":0,"21":0,"22":0,"23":0,"24":0,"25":0,"26":0,"27":0,"28":0,"29":0,"30":0},"f":{"0":0},"b":{"0":[0],"1":[0,0],"2":[0,0],"3":[0,0],"4":[0,0],"5":[0,0,0,0,0],"6":[0,0],"7":[0,0],"8":[0,0],"9":[0,0],"10":[0,0],"11":[0,0],"12":[0,0],"13":[0,0]},"inputSourceMap":null,"_coverageSchema":"1a1c01bbd47fc00a2c39e90264f33305004495a9","hash":"3ea74c0dd2aeca08fa517856d4a20bba5c46ee1a"}
,"/Users/abhinavmishra/Desktop/Smart-Pothole-Detection-and-Reporting-System/apps/backend/src/services/storage.service.js": {"path":"/Users/abhinavmishra/Desktop/Smart-Pothole-Detection-and-Reporting-System/apps/backend/src/services/storage.service.js","statementMap":{"0":{"start":{"line":12,"column":32},"end":{"line":30,"column":1}},"1":{"start":{"line":13,"column":2},"end":{"line":29,"column":3}},"2":{"start":{"line":14,"column":21},"end":{"line":18,"column":6}},"3":{"start":{"line":20,"column":4},"end":{"line":26,"column":6}},"4":{"start":{"line":28,"column":4},"end":{"line":28,"column":72}},"5":{"start":{"line":37,"column":34},"end":{"line":44,"column":1}},"6":{"start":{"line":38,"column":2},"end":{"line":43,"column":3}},"7":{"start":{"line":39,"column":4},"end":{"line":39,"column":38}},"8":{"start":{"line":40,"column":4},"end":{"line":40,"column":16}},"9":{"start":{"line":42,"column":4},"end":{"line":42,"column":74}}},"fnMap":{"0":{"name":"(anonymous_0)","decl":{"start":{"line":12,"column":32},"end":{"line":12,"column":33}},"loc":{"start":{"line":12,"column":90},"end":{"line":30,"column":1}},"line":12},"1":{"name":"(anonymous_1)","decl":{"start":{"line":37,"column":34},"end":{"line":37,"column":35}},"loc":{"start":{"line":37,"column":52},"end":{"line":44,"column":1}},"line":37}},"branchMap":{"0":{"loc":{"start":{"line":12,"column":63},"end":{"line":12,"column":83}},"type":"default-arg","locations":[{"start":{"line":12,"column":72},"end":{"line":12,"column":83}}],"line":12}},"s":{"0":6,"1":0,"2":0,"3":0,"4":0,"5":6,"6":0,"7":0,"8":0,"9":0},"f":{"0":0,"1":0},"b":{"0":[0]},"inputSourceMap":null,"_coverageSchema":"1a1c01bbd47fc00a2c39e90264f33305004495a9","hash":"4a5da2692b625cef457d2f5e0b789718942b5ed3"}
,"/Users/abhinavmishra/Desktop/Smart-Pothole-Detection-and-Reporting-System/apps/backend/src/utils/AppError.js": {"path":"/Users/abhinavmishra/Desktop/Smart-Pothole-Detection-and-Reporting-System/apps/backend/src/utils/AppError.js","statementMap":{"0":{"start":{"line":3,"column":4},"end":{"line":3,"column":19}},"1":{"start":{"line":5,"column":4},"end":{"line":5,"column":33}},"2":{"start":{"line":6,"column":4},"end":{"line":6,"column":69}},"3":{"start":{"line":7,"column":4},"end":{"line":7,"column":30}},"4":{"start":{"line":9,"column":4},"end":{"line":9,"column":52}}},"fnMap":{"0":{"name":"(anonymous_0)","decl":{"start":{"line":2,"column":2},"end":{"line":2,"column":3}},"loc":{"start":{"line":2,"column":35},"end":{"line":10,"column":3}},"line":2}},"branchMap":{"0":{"loc":{"start":{"line":6,"column":18},"end":{"line":6,"column":68}},"type":"cond-expr","locations":[{"start":{"line":6,"column":52},"end":{"line":6,"column":58}},{"start":{"line":6,"column":61},"end":{"line":6,"column":68}}],"line":6}},"s":{"0":10,"1":10,"2":10,"3":10,"4":10},"f":{"0":10},"b":{"0":[10,0]},"inputSourceMap":null,"_coverageSchema":"1a1c01bbd47fc00a2c39e90264f33305004495a9","hash":"a02c6b833411c146f305aedc9a31dfc5b71b9c07"}
,"/Users/abhinavmishra/Desktop/Smart-Pothole-Detection-and-Reporting-System/apps/backend/src/utils/locationValidator.js": {"path":"/Users/abhinavmishra/Desktop/Smart-Pothole-Detection-and-Reporting-System/apps/backend/src/utils/locationValidator.js","statementMap":{"0":{"start":{"line":9,"column":35},"end":{"line":31,"column":1}},"1":{"start":{"line":10,"column":2},"end":{"line":13,"column":3}},"2":{"start":{"line":12,"column":4},"end":{"line":12,"column":79}},"3":{"start":{"line":15,"column":17},"end":{"line":15,"column":33}},"4":{"start":{"line":16,"column":17},"end":{"line":16,"column":34}},"5":{"start":{"line":18,"column":2},"end":{"line":20,"column":3}},"6":{"start":{"line":19,"column":4},"end":{"line":19,"column":76}},"7":{"start":{"line":22,"column":2},"end":{"line":24,"column":3}},"8":{"start":{"line":23,"column":4},"end":{"line":23,"column":76}},"9":{"start":{"line":26,"column":2},"end":{"line":28,"column":3}},"10":{"start":{"line":27,"column":4},"end":{"line":27,"column":79}},"11":{"start":{"line":30,"column":2},"end":{"line":30,"column":49}}},"fnMap":{"0":{"name":"(anonymous_0)","decl":{"start":{"line":9,"column":35},"end":{"line":9,"column":36}},"loc":{"start":{"line":9,"column":60},"end":{"line":31,"column":1}},"line":9}},"branchMap":{"0":{"loc":{"start":{"line":10,"column":2},"end":{"line":13,"column":3}},"type":"if","locations":[{"start":{"line":10,"column":2},"end":{"line":13,"column":3}},{"start":{},"end":{}}],"line":10},"1":{"loc":{"start":{"line":10,"column":6},"end":{"line":11,"column":71}},"type":"binary-expr","locations":[{"start":{"line":10,"column":6},"end":{"line":10,"column":28}},{"start":{"line":10,"column":32},"end":{"line":10,"column":49}},{"start":{"line":10,"column":53},"end":{"line":10,"column":68}},{"start":{"line":11,"column":6},"end":{"line":11,"column":29}},{"start":{"line":11,"column":33},"end":{"line":11,"column":51}},{"start":{"line":11,"column":55},"end":{"line":11,"column":71}}],"line":10},"2":{"loc":{"start":{"line":18,"column":2},"end":{"line":20,"column":3}},"type":"if","locations":[{"start":{"line":18,"column":2},"end":{"line":20,"column":3}},{"start":{},"end":{}}],"line":18},"3":{"loc":{"start":{"line":18,"column":6},"end":{"line":18,"column":50}},"type":"binary-expr","locations":[{"start":{"line":18,"column":6},"end":{"line":18,"column":26}},{"start":{"line":18,"column":30},"end":{"line":18,"column":50}}],"line":18},"4":{"loc":{"start":{"line":22,"column":2},"end":{"line":24,"column":3}},"type":"if","locations":[{"start":{"line":22,"column":2},"end":{"line":24,"column":3}},{"start":{},"end":{}}],"line":22},"5":{"loc":{"start":{"line":22,"column":6},"end":{"line":22,"column":33}},"type":"binary-expr","locations":[{"start":{"line":22,"column":6},"end":{"line":22,"column":18}},{"start":{"line":22,"column":22},"end":{"line":22,"column":33}}],"line":22},"6":{"loc":{"start":{"line":26,"column":2},"end":{"line":28,"column":3}},"type":"if","locations":[{"start":{"line":26,"column":2},"end":{"line":28,"column":3}},{"start":{},"end":{}}],"line":26},"7":{"loc":{"start":{"line":26,"column":6},"end":{"line":26,"column":35}},"type":"binary-expr","locations":[{"start":{"line":26,"column":6},"end":{"line":26,"column":19}},{"start":{"line":26,"column":23},"end":{"line":26,"column":35}}],"line":26}},"s":{"0":6,"1":1,"2":0,"3":1,"4":1,"5":1,"6":1,"7":0,"8":0,"9":0,"10":0,"11":0},"f":{"0":1},"b":{"0":[0,1],"1":[1,1,1,1,1,1],"2":[1,0],"3":[1,0],"4":[0,0],"5":[0,0],"6":[0,0],"7":[0,0]},"inputSourceMap":null,"_coverageSchema":"1a1c01bbd47fc00a2c39e90264f33305004495a9","hash":"1980512b3f51e1a5963a9aad48f5cccfe0d3d4a3"}
,"/Users/abhinavmishra/Desktop/Smart-Pothole-Detection-and-Reporting-System/apps/backend/src/utils/token.js": {"path":"/Users/abhinavmishra/Desktop/Smart-Pothole-Detection-and-Reporting-System/apps/backend/src/utils/token.js","statementMap":{"0":{"start":{"line":9,"column":35},"end":{"line":15,"column":1}},"1":{"start":{"line":10,"column":2},"end":{"line":14,"column":4}},"2":{"start":{"line":22,"column":36},"end":{"line":28,"column":1}},"3":{"start":{"line":23,"column":2},"end":{"line":27,"column":4}},"4":{"start":{"line":35,"column":33},"end":{"line":37,"column":1}},"5":{"start":{"line":36,"column":2},"end":{"line":36,"column":50}},"6":{"start":{"line":44,"column":34},"end":{"line":46,"column":1}},"7":{"start":{"line":45,"column":2},"end":{"line":45,"column":51}}},"fnMap":{"0":{"name":"(anonymous_0)","decl":{"start":{"line":9,"column":35},"end":{"line":9,"column":36}},"loc":{"start":{"line":9,"column":48},"end":{"line":15,"column":1}},"line":9},"1":{"name":"(anonymous_1)","decl":{"start":{"line":22,"column":36},"end":{"line":22,"column":37}},"loc":{"start":{"line":22,"column":49},"end":{"line":28,"column":1}},"line":22},"2":{"name":"(anonymous_2)","decl":{"start":{"line":35,"column":33},"end":{"line":35,"column":34}},"loc":{"start":{"line":35,"column":44},"end":{"line":37,"column":1}},"line":35},"3":{"name":"(anonymous_3)","decl":{"start":{"line":44,"column":34},"end":{"line":44,"column":35}},"loc":{"start":{"line":44,"column":45},"end":{"line":46,"column":1}},"line":44}},"branchMap":{"0":{"loc":{"start":{"line":13,"column":17},"end":{"line":13,"column":51}},"type":"binary-expr","locations":[{"start":{"line":13,"column":17},"end":{"line":13,"column":42}},{"start":{"line":13,"column":46},"end":{"line":13,"column":51}}],"line":13},"1":{"loc":{"start":{"line":26,"column":17},"end":{"line":26,"column":51}},"type":"binary-expr","locations":[{"start":{"line":26,"column":17},"end":{"line":26,"column":43}},{"start":{"line":26,"column":47},"end":{"line":26,"column":51}}],"line":26}},"s":{"0":7,"1":8,"2":7,"3":8,"4":7,"5":9,"6":7,"7":2},"f":{"0":8,"1":8,"2":9,"3":2},"b":{"0":[8,0],"1":[8,0]},"inputSourceMap":null,"_coverageSchema":"1a1c01bbd47fc00a2c39e90264f33305004495a9","hash":"ffe471c2edf0f5d803f6b3d8dd6a35d0ea251ad1"}
}
