TN:
SF:src/app.js
FNF:0
FNH:0
DA:11,6
DA:14,6
DA:17,6
DA:20,6
DA:28,6
DA:29,6
DA:32,6
DA:35,6
DA:38,6
DA:41,6
LF:10
LH:10
BRF:0
BRH:0
end_of_record
TN:
SF:src/middleware/asyncHandler.js
FN:1,(anonymous_0)
FN:2,(anonymous_1)
FNF:2
FNH:2
FNDA:78,(anonymous_0)
FNDA:29,(anonymous_1)
DA:1,6
DA:2,78
DA:3,29
LF:3
LH:3
BRF:0
BRH:0
end_of_record
TN:
SF:src/middleware/auth.middleware.js
FN:9,(anonymous_0)
FNF:1
FNH:1
FNDA:8,(anonymous_0)
DA:9,6
DA:10,8
DA:12,8
DA:13,1
DA:16,7
DA:18,7
DA:19,7
DA:22,6
DA:27,6
DA:28,0
DA:31,6
DA:32,6
DA:34,1
DA:35,0
DA:37,1
DA:38,1
DA:40,0
LF:17
LH:14
BRDA:12,0,0,1
BRDA:12,0,1,7
BRDA:12,1,0,8
BRDA:12,1,1,7
BRDA:27,2,0,0
BRDA:27,2,1,6
BRDA:34,3,0,0
BRDA:34,3,1,1
BRDA:37,4,0,1
BRDA:37,4,1,0
BRF:10
BRH:7
end_of_record
TN:
SF:src/middleware/error.middleware.js
FN:4,(anonymous_0)
FNF:1
FNH:1
FNDA:10,(anonymous_0)
DA:4,6
DA:5,10
DA:6,10
DA:8,10
DA:9,0
DA:11,10
DA:14,10
LF:7
LH:6
BRDA:5,0,0,10
BRDA:5,0,1,0
BRDA:6,1,0,10
BRDA:6,1,1,0
BRDA:8,2,0,0
BRDA:8,2,1,10
BRDA:17,3,0,10
BRDA:17,3,1,0
BRDA:18,4,0,10
BRDA:18,4,1,0
BRF:10
BRH:5
end_of_record
TN:
SF:src/middleware/notFound.middleware.js
FN:3,(anonymous_0)
FNF:1
FNH:0
FNDA:0,(anonymous_0)
DA:3,6
DA:4,0
LF:2
LH:1
BRF:0
BRH:0
end_of_record
TN:
SF:src/middleware/rateLimit.middleware.js
FN:13,(anonymous_0)
FN:14,(anonymous_1)
FN:27,(anonymous_2)
FN:28,(anonymous_3)
FN:41,(anonymous_4)
FN:42,(anonymous_5)
FNF:6
FNH:3
FNDA:29,(anonymous_0)
FNDA:0,(anonymous_1)
FNDA:11,(anonymous_2)
FNDA:0,(anonymous_3)
FNDA:2,(anonymous_4)
FNDA:0,(anonymous_5)
DA:8,6
DA:13,29
DA:15,0
DA:22,6
DA:27,11
DA:29,0
DA:36,6
DA:41,2
DA:43,0
LF:9
LH:6
BRF:0
BRH:0
end_of_record
TN:
SF:src/middleware/requestLogger.middleware.js
FN:7,(anonymous_0)
FN:19,(anonymous_1)
FNF:2
FNH:2
FNDA:29,(anonymous_0)
FNDA:29,(anonymous_1)
DA:7,6
DA:9,29
DA:10,29
DA:11,29
DA:14,29
DA:16,29
DA:19,29
DA:20,29
DA:21,29
DA:22,29
DA:24,29
DA:33,29
DA:34,0
DA:35,29
DA:36,10
DA:38,19
DA:42,29
LF:17
LH:16
BRDA:9,0,0,29
BRDA:9,0,1,28
BRDA:22,1,0,29
BRDA:22,1,1,23
BRDA:27,2,0,29
BRDA:27,2,1,0
BRDA:33,3,0,0
BRDA:33,3,1,29
BRDA:35,4,0,10
BRDA:35,4,1,19
BRF:10
BRH:8
end_of_record
TN:
SF:src/middleware/role.middleware.js
FN:7,(anonymous_0)
FN:8,(anonymous_1)
FNF:2
FNH:2
FNDA:18,(anonymous_0)
FNDA:6,(anonymous_1)
DA:7,6
DA:8,18
DA:9,6
DA:10,0
DA:13,6
DA:14,1
DA:22,5
LF:7
LH:6
BRDA:9,0,0,0
BRDA:9,0,1,6
BRDA:13,1,0,1
BRDA:13,1,1,5
BRF:4
BRH:3
end_of_record
TN:
SF:src/middleware/upload.middleware.js
FN:15,(anonymous_0)
FN:31,(anonymous_1)
FN:34,(anonymous_2)
FN:35,(anonymous_3)
FNF:4
FNH:4
FNDA:1,(anonymous_0)
FNDA:6,(anonymous_1)
FNDA:2,(anonymous_2)
FNDA:2,(anonymous_3)
DA:5,6
DA:7,6
DA:15,6
DA:16,1
DA:17,1
DA:19,0
DA:23,6
DA:31,6
DA:32,6
DA:34,6
DA:35,2
DA:36,2
DA:37,0
DA:38,0
DA:40,0
DA:41,2
DA:42,0
DA:44,2
LF:18
LH:13
BRDA:16,0,0,1
BRDA:16,0,1,0
BRDA:36,1,0,0
BRDA:36,1,1,2
BRDA:37,2,0,0
BRDA:37,2,1,0
BRDA:41,3,0,0
BRDA:41,3,1,2
BRF:8
BRH:3
end_of_record
TN:
SF:src/middleware/validation.middleware.js
FN:7,(anonymous_0)
FN:8,(anonymous_1)
FN:23,(anonymous_2)
FN:28,(anonymous_3)
FNF:4
FNH:4
FNDA:24,(anonymous_0)
FNDA:12,(anonymous_1)
FNDA:4,(anonymous_2)
FNDA:4,(anonymous_3)
DA:7,6
DA:8,24
DA:9,12
DA:10,12
DA:11,12
DA:13,10
DA:14,0
DA:16,10
DA:17,0
DA:19,10
DA:21,2
DA:22,2
DA:23,4
DA:27,2
DA:28,4
DA:31,0
LF:16
LH:13
BRDA:10,0,0,12
BRDA:10,0,1,0
BRDA:13,1,0,0
BRDA:13,1,1,10
BRDA:16,2,0,0
BRDA:16,2,1,10
BRDA:21,3,0,2
BRDA:21,3,1,0
BRDA:21,4,0,2
BRDA:21,4,1,0
BRDA:22,5,0,2
BRDA:22,5,1,0
BRDA:22,5,2,0
BRF:13
BRH:6
end_of_record
TN:
SF:src/modules/auth/auth.controller.js
FN:9,(anonymous_0)
FN:25,(anonymous_1)
FN:41,(anonymous_2)
FN:57,(anonymous_3)
FNF:4
FNH:4
FNDA:6,(anonymous_0)
FNDA:2,(anonymous_1)
FNDA:1,(anonymous_2)
FNDA:1,(anonymous_3)
DA:9,6
DA:10,6
DA:11,6
DA:13,5
DA:25,6
DA:26,2
DA:27,2
DA:29,1
DA:41,6
DA:42,1
DA:43,1
DA:45,1
DA:57,6
DA:58,1
LF:14
LH:14
BRF:0
BRH:0
end_of_record
TN:
SF:src/modules/auth/auth.routes.js
FNF:0
FNH:0
DA:12,6
DA:15,6
DA:18,6
DA:21,6
DA:24,6
DA:27,6
LF:6
LH:6
BRF:0
BRH:0
end_of_record
TN:
SF:src/modules/auth/auth.service.js
FN:9,(anonymous_0)
FN:52,(anonymous_1)
FN:87,(anonymous_2)
FNF:3
FNH:3
FNDA:6,(anonymous_0)
FNDA:2,(anonymous_1)
FNDA:1,(anonymous_2)
DA:9,6
DA:10,6
DA:11,0
DA:14,6
DA:18,6
DA:19,1
DA:22,5
DA:23,5
DA:25,5
DA:27,5
DA:43,5
DA:44,5
DA:46,5
DA:52,6
DA:53,2
DA:54,0
DA:57,2
DA:61,2
DA:62,0
DA:65,2
DA:66,2
DA:67,1
DA:70,1
DA:78,1
DA:79,1
DA:81,1
DA:87,6
DA:88,1
DA:89,0
DA:92,1
DA:93,1
DA:95,1
DA:100,1
DA:101,0
DA:104,1
DA:105,1
DA:107,1
DA:112,0
LF:38
LH:32
BRDA:9,0,0,0
BRDA:10,1,0,0
BRDA:10,1,1,6
BRDA:10,2,0,6
BRDA:10,2,1,6
BRDA:10,2,2,6
BRDA:18,3,0,1
BRDA:18,3,1,5
BRDA:23,4,0,5
BRDA:23,4,1,0
BRDA:53,5,0,0
BRDA:53,5,1,2
BRDA:53,6,0,2
BRDA:53,6,1,2
BRDA:61,7,0,0
BRDA:61,7,1,2
BRDA:66,8,0,1
BRDA:66,8,1,1
BRDA:88,9,0,0
BRDA:88,9,1,1
BRDA:100,10,0,0
BRDA:100,10,1,1
BRF:22
BRH:15
end_of_record
TN:
SF:src/modules/auth/auth.validation.js
FNF:0
FNH:0
LF:0
LH:0
BRF:0
BRH:0
end_of_record
TN:
SF:src/modules/auth/auth.validator.js
FNF:0
FNH:0
DA:3,6
DA:10,6
DA:15,6
LF:3
LH:3
BRF:0
BRH:0
end_of_record
TN:
SF:src/modules/authorities/authority.controller.js
FNF:0
FNH:0
LF:0
LH:0
BRF:0
BRH:0
end_of_record
TN:
SF:src/modules/authorities/authority.routes.js
FNF:0
FNH:0
LF:0
LH:0
BRF:0
BRH:0
end_of_record
TN:
SF:src/modules/authorities/authority.service.js
FNF:0
FNH:0
LF:0
LH:0
BRF:0
BRH:0
end_of_record
TN:
SF:src/modules/dashboard/dashboard.controller.js
FN:14,(anonymous_0)
FN:27,(anonymous_1)
FN:42,(anonymous_2)
FN:57,(anonymous_3)
FNF:4
FNH:4
FNDA:2,(anonymous_0)
FNDA:1,(anonymous_1)
FNDA:1,(anonymous_2)
FNDA:1,(anonymous_3)
DA:14,6
DA:15,2
DA:16,2
DA:27,6
DA:28,1
DA:29,1
DA:30,1
DA:42,6
DA:43,1
DA:44,1
DA:45,1
DA:57,6
DA:58,1
DA:59,1
LF:14
LH:14
BRF:0
BRH:0
end_of_record
TN:
SF:src/modules/dashboard/dashboard.routes.js
FNF:0
FNH:0
DA:11,6
DA:14,6
DA:17,6
DA:20,6
DA:23,6
LF:5
LH:5
BRF:0
BRH:0
end_of_record
TN:
SF:src/modules/dashboard/dashboard.service.js
FN:6,(anonymous_0)
FN:29,(anonymous_1)
FN:41,(anonymous_2)
FN:55,(anonymous_3)
FN:77,(anonymous_4)
FN:110,(anonymous_5)
FN:122,(anonymous_6)
FN:124,(anonymous_7)
FN:125,(anonymous_8)
FNF:9
FNH:4
FNDA:2,(anonymous_0)
FNDA:0,(anonymous_1)
FNDA:0,(anonymous_2)
FNDA:1,(anonymous_3)
FNDA:1,(anonymous_4)
FNDA:1,(anonymous_5)
FNDA:0,(anonymous_6)
FNDA:0,(anonymous_7)
FNDA:0,(anonymous_8)
DA:6,6
DA:7,2
DA:9,2
DA:14,2
DA:20,2
DA:29,2
DA:30,0
DA:34,2
DA:41,2
DA:42,0
DA:45,2
DA:55,6
DA:56,1
DA:57,1
DA:58,1
DA:60,1
DA:77,6
DA:78,1
DA:110,6
DA:111,1
DA:122,1
DA:123,0
DA:124,0
DA:125,0
DA:127,0
LF:25
LH:19
BRDA:55,0,0,0
BRDA:57,1,0,0
BRDA:57,1,1,1
BRDA:58,2,0,0
BRDA:58,2,1,1
BRDA:77,3,0,1
BRDA:79,4,0,1
BRDA:79,4,1,0
BRDA:125,5,0,0
BRDA:125,5,1,0
BRF:10
BRH:4
end_of_record
TN:
SF:src/modules/detections/detection.controller.js
FNF:0
FNH:0
LF:0
LH:0
BRF:0
BRH:0
end_of_record
TN:
SF:src/modules/detections/detection.routes.js
FNF:0
FNH:0
LF:0
LH:0
BRF:0
BRH:0
end_of_record
TN:
SF:src/modules/detections/detection.service.js
FNF:0
FNH:0
LF:0
LH:0
BRF:0
BRH:0
end_of_record
TN:
SF:src/modules/media/media.controller.js
FN:11,(anonymous_0)
FNF:1
FNH:1
FNDA:2,(anonymous_0)
DA:11,6
DA:12,2
DA:13,1
DA:16,1
DA:19,1
DA:21,0
DA:23,0
DA:25,0
DA:41,0
LF:9
LH:5
BRDA:12,0,0,1
BRDA:12,0,1,1
BRDA:23,1,0,0
BRDA:23,1,1,0
BRDA:25,2,0,0
BRDA:25,2,1,0
BRDA:30,3,0,0
BRDA:30,3,1,0
BRDA:37,4,0,0
BRDA:37,4,1,0
BRDA:43,5,0,0
BRDA:43,5,1,0
BRF:12
BRH:2
end_of_record
TN:
SF:src/modules/media/media.routes.js
FNF:0
FNH:0
DA:6,6
DA:9,6
LF:2
LH:2
BRF:0
BRH:0
end_of_record
TN:
SF:src/modules/media/media.service.js
FN:13,(anonymous_0)
FNF:1
FNH:0
FNDA:0,(anonymous_0)
DA:13,0
DA:14,0
DA:15,0
DA:18,0
DA:19,0
DA:22,0
DA:28,0
DA:31,0
DA:32,0
DA:45,0
LF:10
LH:0
BRDA:13,0,0,0
BRDA:14,1,0,0
BRDA:14,1,1,0
BRDA:18,2,0,0
BRDA:18,2,1,0
BRDA:19,3,0,0
BRDA:19,3,1,0
BRDA:31,4,0,0
BRDA:31,4,1,0
BRDA:46,5,0,0
BRDA:46,5,1,0
BRF:11
BRH:0
end_of_record
TN:
SF:src/modules/notifications/notification.controller.js
FNF:0
FNH:0
LF:0
LH:0
BRF:0
BRH:0
end_of_record
TN:
SF:src/modules/notifications/notification.service.js
FNF:0
FNH:0
LF:0
LH:0
BRF:0
BRH:0
end_of_record
TN:
SF:src/modules/potholes/pothole.controller.js
FN:12,(anonymous_0)
FN:26,(anonymous_1)
FN:54,(anonymous_2)
FNF:3
FNH:2
FNDA:3,(anonymous_0)
FNDA:1,(anonymous_1)
FNDA:0,(anonymous_2)
DA:12,6
DA:13,3
DA:14,3
DA:26,6
DA:27,1
DA:28,1
DA:30,1
DA:31,0
DA:34,1
DA:42,0
DA:54,6
DA:55,0
DA:57,0
DA:69,0
DA:70,0
DA:73,0
LF:16
LH:9
BRDA:30,0,0,0
BRDA:30,0,1,1
BRDA:37,1,0,1
BRDA:37,1,1,1
BRDA:38,2,0,1
BRDA:38,2,1,1
BRDA:39,3,0,1
BRDA:39,3,1,1
BRDA:69,4,0,0
BRDA:69,4,1,0
BRF:10
BRH:7
end_of_record
TN:
SF:src/modules/potholes/pothole.query.js
FN:6,(anonymous_0)
FNF:1
FNH:1
FNDA:3,(anonymous_0)
DA:6,6
DA:8,3
DA:9,3
DA:11,3
DA:12,3
DA:13,3
DA:15,3
DA:18,3
DA:20,3
DA:21,1
DA:22,1
DA:23,1
DA:27,3
DA:28,1
DA:29,1
DA:30,1
DA:34,3
DA:35,0
DA:39,3
DA:40,0
DA:41,0
DA:42,0
DA:43,0
DA:44,0
DA:45,0
DA:48,0
DA:49,0
DA:50,0
DA:51,0
DA:52,0
DA:58,3
DA:59,0
DA:60,0
DA:67,3
DA:68,3
DA:70,3
DA:71,3
DA:73,3
LF:38
LH:24
BRDA:9,0,0,1
BRDA:9,0,1,2
BRDA:9,1,0,3
BRDA:9,1,1,1
BRDA:12,2,0,2
BRDA:12,2,1,1
BRDA:12,3,0,3
BRDA:12,3,1,2
BRDA:13,4,0,1
BRDA:13,4,1,2
BRDA:20,5,0,1
BRDA:20,5,1,2
BRDA:22,6,0,1
BRDA:22,6,1,0
BRDA:27,7,0,1
BRDA:27,7,1,2
BRDA:29,8,0,1
BRDA:29,8,1,0
BRDA:34,9,0,0
BRDA:34,9,1,3
BRDA:39,10,0,0
BRDA:39,10,1,3
BRDA:39,11,0,3
BRDA:39,11,1,3
BRDA:41,12,0,0
BRDA:41,12,1,0
BRDA:43,13,0,0
BRDA:43,13,1,0
BRDA:48,14,0,0
BRDA:48,14,1,0
BRDA:50,15,0,0
BRDA:50,15,1,0
BRDA:58,16,0,0
BRDA:58,16,1,3
BRDA:58,17,0,3
BRDA:58,17,1,0
BRDA:58,17,2,0
BRDA:68,18,0,0
BRDA:68,18,1,3
BRDA:70,19,0,0
BRDA:70,19,1,3
BRDA:70,20,0,3
BRDA:70,20,1,0
BRF:43
BRH:25
end_of_record
TN:
SF:src/modules/potholes/pothole.routes.js
FNF:0
FNH:0
DA:8,6
DA:11,6
DA:14,6
DA:17,6
LF:4
LH:4
BRF:0
BRH:0
end_of_record
TN:
SF:src/modules/potholes/pothole.validation.js
FNF:0
FNH:0
LF:0
LH:0
BRF:0
BRH:0
end_of_record
TN:
SF:src/modules/potholes/pothole.validator.js
FN:6,(anonymous_0)
FNF:1
FNH:0
FNDA:0,(anonymous_0)
DA:3,6
DA:6,0
LF:2
LH:1
BRF:0
BRH:0
end_of_record
TN:
SF:src/modules/reports/report.controller.js
FNF:0
FNH:0
LF:0
LH:0
BRF:0
BRH:0
end_of_record
TN:
SF:src/modules/reports/report.routes.js
FNF:0
FNH:0
LF:0
LH:0
BRF:0
BRH:0
end_of_record
TN:
SF:src/modules/reports/report.service.js
FNF:0
FNH:0
LF:0
LH:0
BRF:0
BRH:0
end_of_record
TN:
SF:src/modules/users/user.controller.js
FNF:0
FNH:0
LF:0
LH:0
BRF:0
BRH:0
end_of_record
TN:
SF:src/modules/users/user.routes.js
FNF:0
FNH:0
LF:0
LH:0
BRF:0
BRH:0
end_of_record
TN:
SF:src/modules/users/user.service.js
FNF:0
FNH:0
LF:0
LH:0
BRF:0
BRH:0
end_of_record
TN:
SF:src/routes/index.js
FN:9,(anonymous_0)
FNF:1
FNH:1
FNDA:3,(anonymous_0)
DA:7,6
DA:9,6
DA:10,3
DA:17,6
DA:18,6
DA:19,6
DA:20,6
LF:7
LH:7
BRF:0
BRH:0
end_of_record
TN:
SF:src/services/ai.service.js
FN:9,(anonymous_0)
FN:19,(anonymous_1)
FN:42,(anonymous_2)
FN:80,(anonymous_3)
FNF:4
FNH:0
FNDA:0,(anonymous_0)
FNDA:0,(anonymous_1)
FNDA:0,(anonymous_2)
FNDA:0,(anonymous_3)
DA:9,6
DA:10,0
DA:19,6
DA:20,0
DA:21,0
DA:22,0
DA:23,0
DA:25,0
DA:26,0
DA:28,0
DA:29,0
DA:31,0
DA:42,6
DA:43,0
DA:44,0
DA:45,0
DA:46,0
DA:51,0
DA:56,0
DA:58,0
DA:59,0
DA:61,0
DA:62,0
DA:64,0
DA:65,0
DA:66,0
DA:67,0
DA:69,0
DA:80,6
DA:81,0
DA:82,0
DA:83,0
DA:84,0
DA:89,0
DA:94,0
DA:96,0
DA:97,0
DA:99,0
DA:100,0
DA:102,0
DA:103,0
DA:104,0
DA:105,0
DA:107,0
LF:44
LH:4
BRDA:11,0,0,0
BRDA:11,0,1,0
BRDA:25,1,0,0
BRDA:25,1,1,0
BRDA:25,2,0,0
BRDA:25,2,1,0
BRDA:28,3,0,0
BRDA:28,3,1,0
BRDA:28,4,0,0
BRDA:28,4,1,0
BRDA:31,5,0,0
BRDA:31,5,1,0
BRDA:42,6,0,0
BRDA:58,7,0,0
BRDA:58,7,1,0
BRDA:58,8,0,0
BRDA:58,8,1,0
BRDA:61,9,0,0
BRDA:61,9,1,0
BRDA:61,10,0,0
BRDA:61,10,1,0
BRDA:64,11,0,0
BRDA:64,11,1,0
BRDA:64,12,0,0
BRDA:64,12,1,0
BRDA:66,13,0,0
BRDA:66,13,1,0
BRDA:80,14,0,0
BRDA:96,15,0,0
BRDA:96,15,1,0
BRDA:96,16,0,0
BRDA:96,16,1,0
BRDA:99,17,0,0
BRDA:99,17,1,0
BRDA:99,18,0,0
BRDA:99,18,1,0
BRDA:102,19,0,0
BRDA:102,19,1,0
BRDA:102,20,0,0
BRDA:102,20,1,0
BRDA:104,21,0,0
BRDA:104,21,1,0
BRF:42
BRH:0
end_of_record
TN:
SF:src/services/authority.service.js
FN:6,(anonymous_0)
FN:28,(anonymous_1)
FNF:2
FNH:0
FNDA:0,(anonymous_0)
FNDA:0,(anonymous_1)
DA:6,6
DA:7,0
DA:8,0
DA:9,0
DA:12,0
DA:18,0
DA:19,0
DA:28,6
DA:29,0
DA:30,0
DA:34,0
DA:35,0
DA:40,0
DA:42,0
DA:43,0
LF:15
LH:2
BRDA:34,0,0,0
BRDA:34,0,1,0
BRDA:34,1,0,0
BRDA:34,1,1,0
BRF:4
BRH:0
end_of_record
TN:
SF:src/services/deduplication.service.js
FNF:0
FNH:0
LF:0
LH:0
BRF:0
BRH:0
end_of_record
TN:
SF:src/services/detection.service.js
FN:11,(anonymous_0)
FN:97,(anonymous_1)
FNF:2
FNH:0
FNDA:0,(anonymous_0)
FNDA:0,(anonymous_1)
DA:11,6
DA:12,0
DA:13,0
DA:16,0
DA:17,0
DA:19,0
DA:21,0
DA:28,0
DA:38,0
DA:40,0
DA:43,0
DA:44,0
DA:53,0
DA:76,0
DA:77,0
DA:78,0
DA:80,0
DA:83,0
DA:84,0
DA:85,0
DA:87,0
DA:90,0
DA:97,6
DA:98,0
DA:99,0
DA:102,0
DA:103,0
DA:105,0
DA:107,0
DA:114,0
DA:124,0
DA:126,0
DA:129,0
DA:130,0
DA:139,0
DA:158,0
DA:159,0
DA:160,0
DA:162,0
DA:165,0
DA:166,0
DA:167,0
DA:169,0
DA:172,0
LF:44
LH:2
BRDA:11,0,0,0
BRDA:12,1,0,0
BRDA:12,1,1,0
BRDA:43,2,0,0
BRDA:43,2,1,0
BRDA:43,3,0,0
BRDA:43,3,1,0
BRDA:71,4,0,0
BRDA:71,4,1,0
BRDA:76,5,0,0
BRDA:76,5,1,0
BRDA:83,6,0,0
BRDA:83,6,1,0
BRDA:97,7,0,0
BRDA:98,8,0,0
BRDA:98,8,1,0
BRDA:129,9,0,0
BRDA:129,9,1,0
BRDA:129,10,0,0
BRDA:129,10,1,0
BRDA:158,11,0,0
BRDA:158,11,1,0
BRDA:165,12,0,0
BRDA:165,12,1,0
BRF:24
BRH:0
end_of_record
TN:
SF:src/services/geocoding.service.js
FNF:0
FNH:0
LF:0
LH:0
BRF:0
BRH:0
end_of_record
TN:
SF:src/services/media.service.js
FN:6,(anonymous_0)
FNF:1
FNH:0
FNDA:0,(anonymous_0)
DA:6,6
DA:7,0
LF:2
LH:1
BRDA:6,0,0,0
BRF:1
BRH:0
end_of_record
TN:
SF:src/services/notification.service.js
FNF:0
FNH:0
LF:0
LH:0
BRF:0
BRH:0
end_of_record
TN:
SF:src/services/pothole.service.js
FN:9,(anonymous_0)
FN:20,(anonymous_1)
FN:36,(anonymous_2)
FN:89,(anonymous_3)
FNF:4
FNH:1
FNDA:0,(anonymous_0)
FNDA:0,(anonymous_1)
FNDA:0,(anonymous_2)
FNDA:3,(anonymous_3)
DA:9,6
DA:10,0
DA:13,0
DA:16,0
DA:19,0
DA:22,0
DA:34,0
DA:35,0
DA:36,0
DA:47,0
DA:48,0
DA:55,0
DA:56,0
DA:65,0
DA:74,0
DA:89,6
DA:90,3
DA:92,3
DA:118,3
DA:120,3
LF:20
LH:6
BRDA:9,0,0,0
BRDA:10,1,0,0
BRDA:10,1,1,0
BRDA:29,2,0,0
BRDA:29,2,1,0
BRDA:34,3,0,0
BRDA:34,3,1,0
BRDA:40,4,0,0
BRDA:40,4,1,0
BRDA:47,5,0,0
BRDA:47,5,1,0
BRDA:55,6,0,0
BRDA:55,6,1,0
BRDA:118,7,0,3
BRDA:118,7,1,3
BRF:15
BRH:2
end_of_record
TN:
SF:src/services/potholeStatus.service.js
FN:22,(anonymous_0)
FN:63,(anonymous_1)
FNF:2
FNH:1
FNDA:1,(anonymous_0)
FNDA:0,(anonymous_1)
DA:4,6
DA:22,6
DA:24,1
DA:28,1
DA:29,1
DA:32,0
DA:35,0
DA:36,0
DA:37,0
DA:46,0
DA:47,0
DA:48,0
DA:49,0
DA:50,0
DA:52,0
DA:55,0
DA:56,0
DA:58,0
DA:62,0
DA:65,0
DA:74,0
DA:84,0
DA:102,0
LF:23
LH:5
BRDA:22,0,0,0
BRDA:22,1,0,0
BRDA:22,2,0,0
BRDA:28,3,0,1
BRDA:28,3,1,0
BRDA:35,4,0,0
BRDA:35,4,1,0
BRDA:36,5,0,0
BRDA:36,5,1,0
BRDA:39,6,0,0
BRDA:39,6,1,0
BRDA:47,7,0,0
BRDA:47,7,1,0
BRDA:48,8,0,0
BRDA:48,8,1,0
BRDA:49,9,0,0
BRDA:49,9,1,0
BRDA:55,10,0,0
BRDA:55,10,1,0
BRDA:69,11,0,0
BRDA:69,11,1,0
BRDA:79,12,0,0
BRDA:79,12,1,0
BRDA:80,13,0,0
BRDA:80,13,1,0
BRF:25
BRH:1
end_of_record
TN:
SF:src/services/severity.service.js
FN:6,(anonymous_0)
FNF:1
FNH:0
FNDA:0,(anonymous_0)
DA:6,6
DA:7,0
DA:8,0
DA:11,0
DA:12,0
DA:14,0
DA:15,0
DA:16,0
DA:19,0
DA:21,0
DA:22,0
DA:23,0
DA:26,0
DA:27,0
DA:29,0
DA:30,0
DA:36,0
DA:37,0
DA:38,0
DA:39,0
DA:40,0
DA:41,0
DA:42,0
DA:46,0
DA:47,0
DA:48,0
DA:49,0
DA:52,0
LF:28
LH:1
BRDA:6,0,0,0
BRDA:7,1,0,0
BRDA:7,1,1,0
BRDA:7,2,0,0
BRDA:7,2,1,0
BRDA:15,3,0,0
BRDA:15,3,1,0
BRDA:19,4,0,0
BRDA:19,4,1,0
BRDA:19,5,0,0
BRDA:19,5,1,0
BRDA:19,5,2,0
BRDA:19,5,3,0
BRDA:19,5,4,0
BRDA:29,6,0,0
BRDA:29,6,1,0
BRDA:37,7,0,0
BRDA:37,7,1,0
BRDA:39,8,0,0
BRDA:39,8,1,0
BRDA:41,9,0,0
BRDA:41,9,1,0
BRDA:46,10,0,0
BRDA:46,10,1,0
BRDA:47,11,0,0
BRDA:47,11,1,0
BRDA:48,12,0,0
BRDA:48,12,1,0
BRDA:49,13,0,0
BRDA:49,13,1,0
BRF:30
BRH:0
end_of_record
TN:
SF:src/services/storage.service.js
FN:12,(anonymous_0)
FN:37,(anonymous_1)
FNF:2
FNH:0
FNDA:0,(anonymous_0)
FNDA:0,(anonymous_1)
DA:12,6
DA:13,0
DA:14,0
DA:20,0
DA:28,0
DA:37,6
DA:38,0
DA:39,0
DA:40,0
DA:42,0
LF:10
LH:2
BRDA:12,0,0,0
BRF:1
BRH:0
end_of_record
TN:
SF:src/utils/AppError.js
FN:2,(anonymous_0)
FNF:1
FNH:1
FNDA:10,(anonymous_0)
DA:3,10
DA:5,10
DA:6,10
DA:7,10
DA:9,10
LF:5
LH:5
BRDA:6,0,0,10
BRDA:6,0,1,0
BRF:2
BRH:1
end_of_record
TN:
SF:src/utils/locationValidator.js
FN:9,(anonymous_0)
FNF:1
FNH:1
FNDA:1,(anonymous_0)
DA:9,6
DA:10,1
DA:12,0
DA:15,1
DA:16,1
DA:18,1
DA:19,1
DA:22,0
DA:23,0
DA:26,0
DA:27,0
DA:30,0
LF:12
LH:6
BRDA:10,0,0,0
BRDA:10,0,1,1
BRDA:10,1,0,1
BRDA:10,1,1,1
BRDA:10,1,2,1
BRDA:10,1,3,1
BRDA:10,1,4,1
BRDA:10,1,5,1
BRDA:18,2,0,1
BRDA:18,2,1,0
BRDA:18,3,0,1
BRDA:18,3,1,0
BRDA:22,4,0,0
BRDA:22,4,1,0
BRDA:22,5,0,0
BRDA:22,5,1,0
BRDA:26,6,0,0
BRDA:26,6,1,0
BRDA:26,7,0,0
BRDA:26,7,1,0
BRF:20
BRH:9
end_of_record
TN:
SF:src/utils/token.js
FN:9,(anonymous_0)
FN:22,(anonymous_1)
FN:35,(anonymous_2)
FN:44,(anonymous_3)
FNF:4
FNH:4
FNDA:8,(anonymous_0)
FNDA:8,(anonymous_1)
FNDA:9,(anonymous_2)
FNDA:2,(anonymous_3)
DA:9,7
DA:10,8
DA:22,7
DA:23,8
DA:35,7
DA:36,9
DA:44,7
DA:45,2
LF:8
LH:8
BRDA:13,0,0,8
BRDA:13,0,1,0
BRDA:26,1,0,8
BRDA:26,1,1,0
BRF:4
BRH:2
end_of_record
